#
# There is insufficient memory for the Java Runtime Environment to continue.
# Native memory allocation (malloc) failed to allocate 241616 bytes for Chunk::new
# Possible reasons:
#   The system is out of physical RAM or swap space
#   The process is running with CompressedOops enabled, and the Java Heap may be blocking the growth of the native heap
# Possible solutions:
#   Reduce memory load on the system
#   Increase physical memory or swap space
#   Check if swap backing store is full
#   Decrease Java heap size (-Xmx/-Xms)
#   Decrease number of Java threads
#   Decrease Java thread stack sizes (-Xss)
#   Set larger code cache with -XX:ReservedCodeCacheSize=
#   JVM is running with Unscaled Compressed Oops mode in which the Java heap is
#     placed in the first 4GB address space. The Java Heap base address is the
#     maximum limit for the native heap growth. Please use -XX:HeapBaseMinAddress
#     to set the Java Heap base and to place the Java Heap above 4GB virtual address.
# This output file may be truncated or incomplete.
#
#  Out of Memory Error (arena.cpp:197), pid=17508, tid=1844
#
# JRE version: OpenJDK Runtime Environment Temurin-11.0.30+7 (11.0.30+7) (build 11.0.30+7)
# Java VM: OpenJDK 64-Bit Server VM Temurin-11.0.30+7 (11.0.30+7, mixed mode, tiered, compressed oops, g1 gc, windows-amd64)
# No core dump will be written. Minidumps are not enabled by default on client versions of Windows
#

---------------  S U M M A R Y ------------

Command Line: -Xmx2g -XX:+IgnoreUnrecognizedVMOptions --add-opens=java.base/java.lang=ALL-UNNAMED --add-opens=java.base/java.lang.invoke=ALL-UNNAMED --add-opens=java.base/java.lang.reflect=ALL-UNNAMED --add-opens=java.base/java.io=ALL-UNNAMED --add-opens=java.base/java.net=ALL-UNNAMED --add-opens=java.base/java.nio=ALL-UNNAMED --add-opens=java.base/java.util=ALL-UNNAMED --add-opens=java.base/java.util.concurrent=ALL-UNNAMED --add-opens=java.base/java.util.concurrent.atomic=ALL-UNNAMED --add-opens=java.base/sun.nio.ch=ALL-UNNAMED --add-opens=java.base/sun.nio.cs=ALL-UNNAMED --add-opens=java.base/sun.security.action=ALL-UNNAMED --add-opens=java.base/sun.util.calendar=ALL-UNNAMED --add-opens=java.security.jgss/sun.security.krb5=ALL-UNNAMED -Djdk.reflect.useDirectMethodHandle=false org.apache.spark.deploy.SparkSubmit --conf spark.driver.memory=2g --conf spark.jars.packages=org.apache.spark:spark-sql-kafka-0-10_2.12:3.4.3 --conf spark.app.name=FraudDetectionStreaming --conf spark.sql.streaming.checkpointLocation=checkpoints/ --conf spark.sql.shuffle.partitions=4 pyspark-shell

Host: Intel(R) Core(TM) i3-1005G1 CPU @ 1.20GHz, 4 cores, 19G,  Windows 11 , 64 bit Build 26100 (10.0.26100.8115)
Time: Wed Apr 15 00:11:30 2026 India Standard Time elapsed time: 53.332140 seconds (0d 0h 0m 53s)

---------------  T H R E A D  ---------------

Current thread (0x000001424a328000):  JavaThread "C2 CompilerThread0" daemon [_thread_in_native, id=1844, stack(0x0000001025200000,0x0000001025300000)]


Current CompileTask:
C2:  53332 15063 %     4       sun.nio.fs.WindowsPathParser::normalize @ 18 (233 bytes)

Stack: [0x0000001025200000,0x0000001025300000]
Native frames: (J=compiled Java code, j=interpreted, Vv=VM code, C=native code)
V  [jvm.dll+0x6449fa]
V  [jvm.dll+0x7d6909]
V  [jvm.dll+0x7d7fe9]
V  [jvm.dll+0x7d86e3]
V  [jvm.dll+0x269105]
V  [jvm.dll+0xc275c]
V  [jvm.dll+0xc2d6c]
V  [jvm.dll+0x2dafa2]
V  [jvm.dll+0x5501a8]
V  [jvm.dll+0x220a7b]
V  [jvm.dll+0x222c18]
V  [jvm.dll+0x2201a8]
V  [jvm.dll+0x19e021]
V  [jvm.dll+0x2302b4]
V  [jvm.dll+0x22e6ac]
V  [jvm.dll+0x798531]
V  [jvm.dll+0x791094]
V  [jvm.dll+0x6437c5]
C  [ucrtbase.dll+0x37b0]
C  [KERNEL32.DLL+0x2e8d7]
C  [ntdll.dll+0x8c3fc]


---------------  P R O C E S S  ---------------

Threads class SMR info:
_java_thread_list=0x000001424eafa680, length=96, elements={
0x000001422950a000, 0x0000014249a2c000, 0x0000014249a21800, 0x000001424a324800,
0x000001424a325800, 0x000001424a326800, 0x000001424a328000, 0x000001424a32b000,
0x000001424a347800, 0x000001424a77e800, 0x000001424b6ce000, 0x000001424bf4e000,
0x000001424ccaf800, 0x000001424c840800, 0x000001424e028800, 0x000001424ce05800,
0x000001424bf46000, 0x000001424ba13800, 0x000001424bf49000, 0x000001424e2e0800,
0x000001424e2de800, 0x000001424e2e1800, 0x000001424e2e0000, 0x000001424e2df000,
0x000001424e2e4000, 0x000001424e2e5000, 0x000001424e2e2800, 0x000001424e2e3000,
0x000001424e05c800, 0x000001424e05d800, 0x000001424e05b000, 0x000001424e05e000,
0x000001424e05b800, 0x000001424e060800, 0x000001424e061800, 0x000001424e05f000,
0x000001424e062800, 0x000001424e060000, 0x000001424e064800, 0x000001424e065800,
0x000001424e064000, 0x000001424e063000, 0x000001424e066800, 0x000001424e068000,
0x000001424e069800, 0x000001424e069000, 0x000001424e067000, 0x000001424b397000,
0x000001424b398000, 0x000001424b396800, 0x000001424b395800, 0x000001424b39a800,
0x000001424b39b000, 0x000001424b399800, 0x000001424b398800, 0x000001424b39d000,
0x000001424b39e800, 0x000001424b3a1800, 0x000001424b39f800, 0x000001424b3a0000,
0x000001424b3a3800, 0x000001424b3a1000, 0x000001424b3a4000, 0x0000014256c7d800,
0x0000014256c7e800, 0x0000014256c80000, 0x0000014256c81800, 0x0000014256c7f000,
0x0000014256c82800, 0x0000014256c83800, 0x0000014256c81000, 0x0000014256c86800,
0x0000014256c84000, 0x0000014256c85000, 0x0000014256c88000, 0x0000014256c85800,
0x0000014256c89000, 0x0000014256c8a000, 0x0000014256c8c800, 0x0000014256c8a800,
0x0000014256c87800, 0x0000014256c8b800, 0x00000142567c9000, 0x00000142567cc000,
0x00000142567c9800, 0x00000142567cb800, 0x00000142567cd000, 0x00000142567ca800,
0x00000142567d0000, 0x00000142567ce000, 0x00000142567d1000, 0x00000142567cf800,
0x00000142567ce800, 0x00000142567d2800, 0x00000142567d6000, 0x00000142567d3800
}

Java Threads: ( => current thread )
  0x000001422950a000 JavaThread "main" [_thread_in_native, id=10504, stack(0x0000001024600000,0x0000001024700000)]
  0x0000014249a2c000 JavaThread "Reference Handler" daemon [_thread_blocked, id=17140, stack(0x0000001024d00000,0x0000001024e00000)]
  0x0000014249a21800 JavaThread "Finalizer" daemon [_thread_blocked, id=3860, stack(0x0000001024e00000,0x0000001024f00000)]
  0x000001424a324800 JavaThread "Signal Dispatcher" daemon [_thread_blocked, id=3596, stack(0x0000001024f00000,0x0000001025000000)]
  0x000001424a325800 JavaThread "Attach Listener" daemon [_thread_blocked, id=20456, stack(0x0000001025000000,0x0000001025100000)]
  0x000001424a326800 JavaThread "Service Thread" daemon [_thread_blocked, id=19060, stack(0x0000001025100000,0x0000001025200000)]
=>0x000001424a328000 JavaThread "C2 CompilerThread0" daemon [_thread_in_native, id=1844, stack(0x0000001025200000,0x0000001025300000)]
  0x000001424a32b000 JavaThread "C1 CompilerThread0" daemon [_thread_blocked, id=14248, stack(0x0000001025300000,0x0000001025400000)]
  0x000001424a347800 JavaThread "Sweeper thread" daemon [_thread_blocked, id=14472, stack(0x0000001025400000,0x0000001025500000)]
  0x000001424a77e800 JavaThread "Common-Cleaner" daemon [_thread_blocked, id=14260, stack(0x0000001025500000,0x0000001025600000)]
  0x000001424b6ce000 JavaThread "org.apache.hadoop.fs.FileSystem$Statistics$StatisticsDataReferenceCleaner" daemon [_thread_blocked, id=10148, stack(0x0000001025b00000,0x0000001025c00000)]
  0x000001424bf4e000 JavaThread "Thread-2" [_thread_in_native, id=17244, stack(0x0000001025c00000,0x0000001025d00000)]
  0x000001424ccaf800 JavaThread "Thread-3" [_thread_blocked, id=19692, stack(0x0000001025700000,0x0000001025800000)]
  0x000001424c840800 JavaThread "Thread-4" [_thread_in_native, id=11832, stack(0x0000001025e00000,0x0000001025f00000)]
  0x000001424e028800 JavaThread "rpc-boss-3-1" daemon [_thread_in_native, id=17940, stack(0x0000001025d00000,0x0000001025e00000)]
  0x000001424ce05800 JavaThread "dispatcher-event-loop-0" daemon [_thread_blocked, id=8544, stack(0x0000001025f00000,0x0000001026000000)]
  0x000001424bf46000 JavaThread "dispatcher-event-loop-1" daemon [_thread_blocked, id=12360, stack(0x0000001026000000,0x0000001026100000)]
  0x000001424ba13800 JavaThread "dispatcher-event-loop-2" daemon [_thread_blocked, id=11872, stack(0x0000001026100000,0x0000001026200000)]
  0x000001424bf49000 JavaThread "dispatcher-event-loop-3" daemon [_thread_blocked, id=15944, stack(0x0000001026200000,0x0000001026300000)]
  0x000001424e2e0800 JavaThread "map-output-dispatcher-0" daemon [_thread_blocked, id=3832, stack(0x0000001026300000,0x0000001026400000)]
  0x000001424e2de800 JavaThread "map-output-dispatcher-1" daemon [_thread_blocked, id=8356, stack(0x0000001026400000,0x0000001026500000)]
  0x000001424e2e1800 JavaThread "map-output-dispatcher-2" daemon [_thread_blocked, id=1864, stack(0x0000001026500000,0x0000001026600000)]
  0x000001424e2e0000 JavaThread "map-output-dispatcher-3" daemon [_thread_blocked, id=18176, stack(0x0000001026600000,0x0000001026700000)]
  0x000001424e2df000 JavaThread "map-output-dispatcher-4" daemon [_thread_blocked, id=14224, stack(0x0000001026700000,0x0000001026800000)]
  0x000001424e2e4000 JavaThread "map-output-dispatcher-5" daemon [_thread_blocked, id=16484, stack(0x0000001026800000,0x0000001026900000)]
  0x000001424e2e5000 JavaThread "map-output-dispatcher-6" daemon [_thread_blocked, id=18240, stack(0x0000001026900000,0x0000001026a00000)]
  0x000001424e2e2800 JavaThread "map-output-dispatcher-7" daemon [_thread_blocked, id=10020, stack(0x0000001026a00000,0x0000001026b00000)]
  0x000001424e2e3000 JavaThread "dispatcher-BlockManagerMaster" daemon [_thread_blocked, id=9088, stack(0x0000001026b00000,0x0000001026c00000)]
  0x000001424e05c800 JavaThread "dispatcher-BlockManagerEndpoint1" daemon [_thread_blocked, id=12800, stack(0x0000001026c00000,0x0000001026d00000)]
  0x000001424e05d800 JavaThread "RemoteBlock-temp-file-clean-thread" daemon [_thread_blocked, id=11368, stack(0x0000001026d00000,0x0000001026e00000)]
  0x000001424e05b000 JavaThread "refresh progress" daemon [_thread_blocked, id=14804, stack(0x0000001026e00000,0x0000001026f00000)]
  0x000001424e05e000 JavaThread "SparkUI-36" daemon [_thread_in_native, id=5760, stack(0x0000001027000000,0x0000001027100000)]
  0x000001424e05b800 JavaThread "SparkUI-37" daemon [_thread_in_native, id=14432, stack(0x0000001027100000,0x0000001027200000)]
  0x000001424e060800 JavaThread "SparkUI-38-acceptor-0@2c09d15c-ServerConnector@22ce3aad{HTTP/1.1, (http/1.1)}{0.0.0.0:4040}" daemon [_thread_in_native, id=4768, stack(0x0000001027200000,0x0000001027300000)]
  0x000001424e061800 JavaThread "SparkUI-39" daemon [_thread_blocked, id=12704, stack(0x0000001027300000,0x0000001027400000)]
  0x000001424e05f000 JavaThread "SparkUI-40" daemon [_thread_blocked, id=9712, stack(0x0000001027400000,0x0000001027500000)]
  0x000001424e062800 JavaThread "SparkUI-41" daemon [_thread_blocked, id=20064, stack(0x0000001027500000,0x0000001027600000)]
  0x000001424e060000 JavaThread "SparkUI-42" daemon [_thread_blocked, id=17752, stack(0x0000001027600000,0x0000001027700000)]
  0x000001424e064800 JavaThread "SparkUI-43" daemon [_thread_blocked, id=17728, stack(0x0000001027700000,0x0000001027800000)]
  0x000001424e065800 JavaThread "dispatcher-HeartbeatReceiver" daemon [_thread_blocked, id=4664, stack(0x0000001026f00000,0x0000001027000000)]
  0x000001424e064000 JavaThread "heartbeat-receiver-event-loop-thread" daemon [_thread_blocked, id=15808, stack(0x0000001027800000,0x0000001027900000)]
  0x000001424e063000 JavaThread "netty-rpc-env-timeout" daemon [_thread_blocked, id=9488, stack(0x0000001027900000,0x0000001027a00000)]
  0x000001424e066800 JavaThread "task-starvation-timer" daemon [_thread_blocked, id=7228, stack(0x0000001027a00000,0x0000001027b00000)]
  0x000001424e068000 JavaThread "task-abort-timer" daemon [_thread_blocked, id=11336, stack(0x0000001027b00000,0x0000001027c00000)]
  0x000001424e069800 JavaThread "dag-scheduler-event-loop" daemon [_thread_blocked, id=16648, stack(0x0000001027c00000,0x0000001027d00000)]
  0x000001424e069000 JavaThread "driver-heartbeater" daemon [_thread_blocked, id=5428, stack(0x0000001027d00000,0x0000001027e00000)]
  0x000001424e067000 JavaThread "executor-kill-mark-cleanup" daemon [_thread_blocked, id=14052, stack(0x0000001027e00000,0x0000001027f00000)]
  0x000001424b397000 JavaThread "executor-heartbeater" daemon [_thread_blocked, id=13852, stack(0x0000001027f00000,0x0000001028000000)]
  0x000001424b398000 JavaThread "files-client-5-1" daemon [_thread_in_native, id=2540, stack(0x0000001028000000,0x0000001028100000)]
  0x000001424b396800 JavaThread "rpc-server-4-1" daemon [_thread_in_native, id=1488, stack(0x0000001028200000,0x0000001028300000)]
  0x000001424b395800 JavaThread "shuffle-boss-7-1" daemon [_thread_in_native, id=12860, stack(0x0000001028300000,0x0000001028400000)]
  0x000001424b39a800 JavaThread "Spark Context Cleaner" daemon [_thread_blocked, id=19668, stack(0x0000001028400000,0x0000001028500000)]
  0x000001424b39b000 JavaThread "context-cleaner-periodic-gc" daemon [_thread_blocked, id=10724, stack(0x0000001028500000,0x0000001028600000)]
  0x000001424b399800 JavaThread "spark-listener-group-appStatus" daemon [_thread_blocked, id=11112, stack(0x0000001028600000,0x0000001028700000)]
  0x000001424b398800 JavaThread "spark-listener-group-executorManagement" daemon [_thread_blocked, id=6296, stack(0x0000001028700000,0x0000001028800000)]
  0x000001424b39d000 JavaThread "element-tracking-store-worker" daemon [_thread_blocked, id=19780, stack(0x0000001028800000,0x0000001028900000)]
  0x000001424b39e800 JavaThread "spark-listener-group-streams" daemon [_thread_blocked, id=13244, stack(0x0000001028900000,0x0000001028a00000)]
  0x000001424b3a1800 JavaThread "stream execution thread for [id = 09a72264-b250-4762-ab46-75209d2328f4, runId = 98df3ce7-da35-4f7e-ac0b-5d2dbde73d2c]" daemon [_thread_in_native, id=716, stack(0x0000001028a00000,0x0000001028b00000)]
  0x000001424b39f800 JavaThread "kafka-admin-client-thread | adminclient-1" daemon [_thread_in_native, id=15480, stack(0x0000001028b00000,0x0000001028c00000)]
  0x000001424b3a0000 JavaThread "Executor task launch worker for task 3.0 in stage 7.0 (TID 11)" daemon [_thread_blocked, id=9840, stack(0x0000001028d00000,0x0000001028e00000)]
  0x000001424b3a3800 JavaThread "commons-pool-evictor" daemon [_thread_blocked, id=18416, stack(0x0000001028e00000,0x0000001028f00000)]
  0x000001424b3a1000 JavaThread "kafka-fetched-data-cache-evictor" daemon [_thread_blocked, id=7244, stack(0x0000001028f00000,0x0000001029000000)]
  0x000001424b3a4000 JavaThread "task-result-getter-0" daemon [_thread_blocked, id=18680, stack(0x0000001029000000,0x0000001029100000)]
  0x0000014256c7d800 JavaThread "state-store-maintenance-task" daemon [_thread_blocked, id=15448, stack(0x0000001029100000,0x0000001029200000)]
  0x0000014256c7e800 JavaThread "block-manager-storage-async-thread-pool-0" daemon [_thread_blocked, id=15284, stack(0x0000001029200000,0x0000001029300000)]
  0x0000014256c80000 JavaThread "block-manager-storage-async-thread-pool-1" daemon [_thread_blocked, id=2920, stack(0x0000001029300000,0x0000001029400000)]
  0x0000014256c81800 JavaThread "block-manager-storage-async-thread-pool-2" daemon [_thread_blocked, id=15316, stack(0x0000001029400000,0x0000001029500000)]
  0x0000014256c7f000 JavaThread "block-manager-ask-thread-pool-0" daemon [_thread_blocked, id=12188, stack(0x0000001029500000,0x0000001029600000)]
  0x0000014256c82800 JavaThread "block-manager-ask-thread-pool-1" daemon [_thread_blocked, id=12240, stack(0x0000001029600000,0x0000001029700000)]
  0x0000014256c83800 JavaThread "task-result-getter-1" daemon [_thread_blocked, id=4388, stack(0x0000001028c00000,0x0000001028d00000)]
  0x0000014256c81000 JavaThread "Executor task launch worker for task 0.0 in stage 7.0 (TID 8)" daemon [_thread_blocked, id=5808, stack(0x0000001029800000,0x0000001029900000)]
  0x0000014256c86800 JavaThread "Executor task launch worker for task 2.0 in stage 7.0 (TID 10)" daemon [_thread_blocked, id=18440, stack(0x0000001029900000,0x0000001029a00000)]
  0x0000014256c84000 JavaThread "Executor task launch worker for task 1.0 in stage 7.0 (TID 9)" daemon [_thread_blocked, id=17936, stack(0x0000001029a00000,0x0000001029b00000)]
  0x0000014256c85000 JavaThread "block-manager-storage-async-thread-pool-3" daemon [_thread_blocked, id=16364, stack(0x0000001029c00000,0x0000001029d00000)]
  0x0000014256c88000 JavaThread "block-manager-storage-async-thread-pool-4" daemon [_thread_blocked, id=448, stack(0x0000001029d00000,0x0000001029e00000)]
  0x0000014256c85800 JavaThread "block-manager-storage-async-thread-pool-5" daemon [_thread_blocked, id=3244, stack(0x0000001029e00000,0x0000001029f00000)]
  0x0000014256c89000 JavaThread "block-manager-ask-thread-pool-2" daemon [_thread_blocked, id=7792, stack(0x000000102a000000,0x000000102a100000)]
  0x0000014256c8a000 JavaThread "block-manager-ask-thread-pool-3" daemon [_thread_blocked, id=8428, stack(0x000000102a300000,0x000000102a400000)]
  0x0000014256c8c800 JavaThread "task-result-getter-2" daemon [_thread_blocked, id=15260, stack(0x000000102a100000,0x000000102a200000)]
  0x0000014256c8a800 JavaThread "task-result-getter-3" daemon [_thread_blocked, id=18972, stack(0x000000102a400000,0x000000102a500000)]
  0x0000014256c87800 JavaThread "block-manager-storage-async-thread-pool-6" daemon [_thread_blocked, id=6408, stack(0x0000001029b00000,0x0000001029c00000)]
  0x0000014256c8b800 JavaThread "block-manager-storage-async-thread-pool-7" daemon [_thread_blocked, id=14568, stack(0x0000001029f00000,0x000000102a000000)]
  0x00000142567c9000 JavaThread "block-manager-storage-async-thread-pool-8" daemon [_thread_blocked, id=16516, stack(0x000000102a600000,0x000000102a700000)]
  0x00000142567cc000 JavaThread "block-manager-ask-thread-pool-4" daemon [_thread_blocked, id=8628, stack(0x000000102a700000,0x000000102a800000)]
  0x00000142567c9800 JavaThread "block-manager-ask-thread-pool-5" daemon [_thread_blocked, id=16420, stack(0x000000102a800000,0x000000102a900000)]
  0x00000142567cb800 JavaThread "block-manager-storage-async-thread-pool-9" daemon [_thread_blocked, id=4272, stack(0x000000102a900000,0x000000102aa00000)]
  0x00000142567cd000 JavaThread "block-manager-storage-async-thread-pool-10" daemon [_thread_blocked, id=5180, stack(0x000000102aa00000,0x000000102ab00000)]
  0x00000142567ca800 JavaThread "block-manager-storage-async-thread-pool-11" daemon [_thread_blocked, id=2900, stack(0x000000102ab00000,0x000000102ac00000)]
  0x00000142567d0000 JavaThread "block-manager-ask-thread-pool-6" daemon [_thread_blocked, id=4016, stack(0x000000102ac00000,0x000000102ad00000)]
  0x00000142567ce000 JavaThread "block-manager-ask-thread-pool-7" daemon [_thread_blocked, id=12236, stack(0x000000102ad00000,0x000000102ae00000)]
  0x00000142567d1000 JavaThread "block-manager-storage-async-thread-pool-12" daemon [_thread_blocked, id=15912, stack(0x000000102ae00000,0x000000102af00000)]
  0x00000142567cf800 JavaThread "block-manager-storage-async-thread-pool-13" daemon [_thread_blocked, id=17288, stack(0x000000102af00000,0x000000102b000000)]
  0x00000142567ce800 JavaThread "block-manager-storage-async-thread-pool-14" daemon [_thread_blocked, id=6156, stack(0x000000102b000000,0x000000102b100000)]
  0x00000142567d2800 JavaThread "block-manager-ask-thread-pool-8" daemon [_thread_blocked, id=19072, stack(0x000000102b100000,0x000000102b200000)]
  0x00000142567d6000 JavaThread "block-manager-ask-thread-pool-9" daemon [_thread_blocked, id=20440, stack(0x000000102b400000,0x000000102b500000)]
  0x00000142567d3800 JavaThread "Thread-199" daemon [_thread_in_native, id=1288, stack(0x0000001029700000,0x0000001029800000)]

Other Threads:
  0x0000014249a18800 VMThread "VM Thread" [stack: 0x0000001024c00000,0x0000001024d00000] [id=9552]
  0x000001424a781800 WatcherThread [stack: 0x0000001025600000,0x0000001025700000] [id=8824]
  0x0000014229521800 GCTaskThread "GC Thread#0" [stack: 0x0000001024700000,0x0000001024800000] [id=8172]
  0x000001424b27a800 GCTaskThread "GC Thread#1" [stack: 0x0000001025800000,0x0000001025900000] [id=20020]
  0x000001424b059800 GCTaskThread "GC Thread#2" [stack: 0x0000001025900000,0x0000001025a00000] [id=7924]
  0x000001424b05a000 GCTaskThread "GC Thread#3" [stack: 0x0000001025a00000,0x0000001025b00000] [id=9836]
  0x0000014229557000 ConcurrentGCThread "G1 Main Marker" [stack: 0x0000001024800000,0x0000001024900000] [id=920]
  0x0000014229559000 ConcurrentGCThread "G1 Conc#0" [stack: 0x0000001024900000,0x0000001024a00000] [id=16772]
  0x00000142498fc800 ConcurrentGCThread "G1 Refine#0" [stack: 0x0000001024a00000,0x0000001024b00000] [id=19604]
  0x0000014249904800 ConcurrentGCThread "G1 Young RemSet Sampling" [stack: 0x0000001024b00000,0x0000001024c00000] [id=11424]

Threads with active compile tasks:
C2 CompilerThread0    53372 15063 %     4       sun.nio.fs.WindowsPathParser::normalize @ 18 (233 bytes)

VM state:not at safepoint (normal execution)

VM Mutex/Monitor currently owned by a thread: None

Heap address: 0x0000000080000000, size: 2048 MB, Compressed Oops mode: 32-bit
Narrow klass base: 0x0000000000000000, Narrow klass shift: 3
Compressed class space size: 1073741824 Address: 0x0000000100000000

Heap:
 garbage-first heap   total 325632K, used 197306K [0x0000000080000000, 0x0000000100000000)
  region size 1024K, 11 young (11264K), 2 survivors (2048K)
 Metaspace       used 149076K, capacity 157121K, committed 157320K, reserved 1181696K
  class space    used 20595K, capacity 24480K, committed 24536K, reserved 1048576K
Heap Regions: E=young(eden), S=young(survivor), O=old, HS=humongous(starts), HC=humongous(continues), CS=collection set, F=free, A=archive, TAMS=top-at-mark-start (previous, next)
|   0|0x0000000080000000, 0x0000000080100000, 0x0000000080100000|100%|HS|  |TAMS 0x0000000080100000, 0x0000000080000000| Complete 
|   1|0x0000000080100000, 0x0000000080200000, 0x0000000080200000|100%|HS|  |TAMS 0x0000000080200000, 0x0000000080100000| Complete 
|   2|0x0000000080200000, 0x0000000080300000, 0x0000000080300000|100%|HC|  |TAMS 0x0000000080300000, 0x0000000080200000| Complete 
|   3|0x0000000080300000, 0x0000000080400000, 0x0000000080400000|100%|HS|  |TAMS 0x0000000080400000, 0x0000000080300000| Complete 
|   4|0x0000000080400000, 0x0000000080500000, 0x0000000080500000|100%|HC|  |TAMS 0x0000000080500000, 0x0000000080400000| Complete 
|   5|0x0000000080500000, 0x0000000080600000, 0x0000000080600000|100%|HC|  |TAMS 0x0000000080600000, 0x0000000080500000| Complete 
|   6|0x0000000080600000, 0x0000000080700000, 0x0000000080700000|100%|HS|  |TAMS 0x0000000080700000, 0x0000000080600000| Complete 
|   7|0x0000000080700000, 0x0000000080800000, 0x0000000080800000|100%|HS|  |TAMS 0x0000000080800000, 0x0000000080700000| Complete 
|   8|0x0000000080800000, 0x0000000080900000, 0x0000000080900000|100%|HS|  |TAMS 0x0000000080900000, 0x0000000080800000| Complete 
|   9|0x0000000080900000, 0x0000000080a00000, 0x0000000080a00000|100%|HS|  |TAMS 0x0000000080a00000, 0x0000000080900000| Complete 
|  10|0x0000000080a00000, 0x0000000080b00000, 0x0000000080b00000|100%| O|  |TAMS 0x0000000080b00000, 0x0000000080a00000| Untracked 
|  11|0x0000000080b00000, 0x0000000080c00000, 0x0000000080c00000|100%| O|  |TAMS 0x0000000080c00000, 0x0000000080b00000| Untracked 
|  12|0x0000000080c00000, 0x0000000080d00000, 0x0000000080d00000|100%| O|  |TAMS 0x0000000080d00000, 0x0000000080c00000| Untracked 
|  13|0x0000000080d00000, 0x0000000080e00000, 0x0000000080e00000|100%| O|  |TAMS 0x0000000080e00000, 0x0000000080d00000| Untracked 
|  14|0x0000000080e00000, 0x0000000080f00000, 0x0000000080f00000|100%| O|  |TAMS 0x0000000080f00000, 0x0000000080e00000| Untracked 
|  15|0x0000000080f00000, 0x0000000081000000, 0x0000000081000000|100%| O|  |TAMS 0x0000000081000000, 0x0000000080f00000| Untracked 
|  16|0x0000000081000000, 0x0000000081100000, 0x0000000081100000|100%| O|  |TAMS 0x0000000081100000, 0x0000000081000000| Untracked 
|  17|0x0000000081100000, 0x0000000081200000, 0x0000000081200000|100%| O|  |TAMS 0x0000000081200000, 0x0000000081100000| Untracked 
|  18|0x0000000081200000, 0x0000000081300000, 0x0000000081300000|100%| O|  |TAMS 0x0000000081300000, 0x0000000081200000| Untracked 
|  19|0x0000000081300000, 0x0000000081400000, 0x0000000081400000|100%| O|  |TAMS 0x0000000081400000, 0x0000000081300000| Untracked 
|  20|0x0000000081400000, 0x0000000081500000, 0x0000000081500000|100%| O|  |TAMS 0x0000000081500000, 0x0000000081400000| Untracked 
|  21|0x0000000081500000, 0x0000000081600000, 0x0000000081600000|100%| O|  |TAMS 0x0000000081600000, 0x0000000081500000| Untracked 
|  22|0x0000000081600000, 0x0000000081700000, 0x0000000081700000|100%| O|  |TAMS 0x0000000081700000, 0x0000000081600000| Untracked 
|  23|0x0000000081700000, 0x0000000081800000, 0x0000000081800000|100%| O|  |TAMS 0x0000000081800000, 0x0000000081700000| Untracked 
|  24|0x0000000081800000, 0x0000000081900000, 0x0000000081900000|100%|HS|  |TAMS 0x0000000081900000, 0x0000000081800000| Complete 
|  25|0x0000000081900000, 0x0000000081a00000, 0x0000000081a00000|100%|HC|  |TAMS 0x0000000081a00000, 0x0000000081900000| Complete 
|  26|0x0000000081a00000, 0x0000000081b00000, 0x0000000081b00000|100%|HC|  |TAMS 0x0000000081b00000, 0x0000000081a00000| Complete 
|  27|0x0000000081b00000, 0x0000000081c00000, 0x0000000081c00000|100%|HS|  |TAMS 0x0000000081c00000, 0x0000000081b00000| Complete 
|  28|0x0000000081c00000, 0x0000000081d00000, 0x0000000081d00000|100%|HC|  |TAMS 0x0000000081d00000, 0x0000000081c00000| Complete 
|  29|0x0000000081d00000, 0x0000000081e00000, 0x0000000081e00000|100%| O|  |TAMS 0x0000000081e00000, 0x0000000081d00000| Untracked 
|  30|0x0000000081e00000, 0x0000000081f00000, 0x0000000081f00000|100%| O|  |TAMS 0x0000000081f00000, 0x0000000081e00000| Untracked 
|  31|0x0000000081f00000, 0x0000000082000000, 0x0000000082000000|100%| O|  |TAMS 0x0000000082000000, 0x0000000081f00000| Untracked 
|  32|0x0000000082000000, 0x0000000082100000, 0x0000000082100000|100%| O|  |TAMS 0x0000000082100000, 0x0000000082000000| Untracked 
|  33|0x0000000082100000, 0x0000000082200000, 0x0000000082200000|100%| O|  |TAMS 0x0000000082200000, 0x0000000082100000| Untracked 
|  34|0x0000000082200000, 0x0000000082300000, 0x0000000082300000|100%| O|  |TAMS 0x0000000082300000, 0x0000000082200000| Untracked 
|  35|0x0000000082300000, 0x0000000082400000, 0x0000000082400000|100%| O|  |TAMS 0x0000000082400000, 0x0000000082300000| Untracked 
|  36|0x0000000082400000, 0x0000000082500000, 0x0000000082500000|100%| O|  |TAMS 0x0000000082500000, 0x0000000082400000| Untracked 
|  37|0x0000000082500000, 0x0000000082600000, 0x0000000082600000|100%| O|  |TAMS 0x0000000082600000, 0x0000000082500000| Untracked 
|  38|0x0000000082600000, 0x0000000082700000, 0x0000000082700000|100%| O|  |TAMS 0x0000000082700000, 0x0000000082600000| Untracked 
|  39|0x0000000082700000, 0x0000000082800000, 0x0000000082800000|100%| O|  |TAMS 0x0000000082800000, 0x0000000082700000| Untracked 
|  40|0x0000000082800000, 0x0000000082900000, 0x0000000082900000|100%| O|  |TAMS 0x0000000082900000, 0x0000000082800000| Untracked 
|  41|0x0000000082900000, 0x0000000082a00000, 0x0000000082a00000|100%| O|  |TAMS 0x0000000082a00000, 0x0000000082900000| Untracked 
|  42|0x0000000082a00000, 0x0000000082b00000, 0x0000000082b00000|100%| O|  |TAMS 0x0000000082b00000, 0x0000000082a00000| Untracked 
|  43|0x0000000082b00000, 0x0000000082c00000, 0x0000000082c00000|100%| O|  |TAMS 0x0000000082c00000, 0x0000000082b00000| Untracked 
|  44|0x0000000082c00000, 0x0000000082d00000, 0x0000000082d00000|100%| O|  |TAMS 0x0000000082d00000, 0x0000000082c00000| Untracked 
|  45|0x0000000082d00000, 0x0000000082e00000, 0x0000000082e00000|100%| O|  |TAMS 0x0000000082e00000, 0x0000000082d00000| Untracked 
|  46|0x0000000082e00000, 0x0000000082f00000, 0x0000000082f00000|100%| O|  |TAMS 0x0000000082f00000, 0x0000000082e00000| Untracked 
|  47|0x0000000082f00000, 0x0000000083000000, 0x0000000083000000|100%| O|  |TAMS 0x0000000083000000, 0x0000000082f00000| Untracked 
|  48|0x0000000083000000, 0x0000000083100000, 0x0000000083100000|100%| O|  |TAMS 0x0000000083100000, 0x0000000083000000| Untracked 
|  49|0x0000000083100000, 0x0000000083200000, 0x0000000083200000|100%| O|  |TAMS 0x0000000083200000, 0x0000000083100000| Untracked 
|  50|0x0000000083200000, 0x0000000083300000, 0x0000000083300000|100%| O|  |TAMS 0x0000000083300000, 0x0000000083200000| Untracked 
|  51|0x0000000083300000, 0x0000000083400000, 0x0000000083400000|100%| O|  |TAMS 0x0000000083400000, 0x0000000083300000| Untracked 
|  52|0x0000000083400000, 0x0000000083500000, 0x0000000083500000|100%| O|  |TAMS 0x0000000083500000, 0x0000000083400000| Untracked 
|  53|0x0000000083500000, 0x0000000083600000, 0x0000000083600000|100%| O|  |TAMS 0x0000000083600000, 0x0000000083500000| Untracked 
|  54|0x0000000083600000, 0x0000000083700000, 0x0000000083700000|100%| O|  |TAMS 0x0000000083700000, 0x0000000083600000| Untracked 
|  55|0x0000000083700000, 0x0000000083800000, 0x0000000083800000|100%| O|  |TAMS 0x0000000083800000, 0x0000000083700000| Untracked 
|  56|0x0000000083800000, 0x0000000083900000, 0x0000000083900000|100%| O|  |TAMS 0x0000000083900000, 0x0000000083800000| Untracked 
|  57|0x0000000083900000, 0x0000000083a00000, 0x0000000083a00000|100%| O|  |TAMS 0x0000000083a00000, 0x0000000083900000| Untracked 
|  58|0x0000000083a00000, 0x0000000083b00000, 0x0000000083b00000|100%| O|  |TAMS 0x0000000083b00000, 0x0000000083a00000| Untracked 
|  59|0x0000000083b00000, 0x0000000083c00000, 0x0000000083c00000|100%| O|  |TAMS 0x0000000083c00000, 0x0000000083b00000| Untracked 
|  60|0x0000000083c00000, 0x0000000083d00000, 0x0000000083d00000|100%| O|  |TAMS 0x0000000083d00000, 0x0000000083c00000| Untracked 
|  61|0x0000000083d00000, 0x0000000083e00000, 0x0000000083e00000|100%| O|  |TAMS 0x0000000083e00000, 0x0000000083d00000| Untracked 
|  62|0x0000000083e00000, 0x0000000083f00000, 0x0000000083f00000|100%|HS|  |TAMS 0x0000000083f00000, 0x0000000083e00000| Complete 
|  63|0x0000000083f00000, 0x0000000084000000, 0x0000000084000000|100%|HC|  |TAMS 0x0000000084000000, 0x0000000083f00000| Complete 
|  64|0x0000000084000000, 0x0000000084100000, 0x0000000084100000|100%|HC|  |TAMS 0x0000000084100000, 0x0000000084000000| Complete 
|  65|0x0000000084100000, 0x0000000084200000, 0x0000000084200000|100%|HS|  |TAMS 0x0000000084200000, 0x0000000084100000| Complete 
|  66|0x0000000084200000, 0x0000000084300000, 0x0000000084300000|100%|HC|  |TAMS 0x0000000084300000, 0x0000000084200000| Complete 
|  67|0x0000000084300000, 0x0000000084400000, 0x0000000084400000|100%| O|  |TAMS 0x0000000084400000, 0x0000000084300000| Untracked 
|  68|0x0000000084400000, 0x0000000084500000, 0x0000000084500000|100%| O|  |TAMS 0x0000000084500000, 0x0000000084400000| Untracked 
|  69|0x0000000084500000, 0x0000000084600000, 0x0000000084600000|100%| O|  |TAMS 0x0000000084600000, 0x0000000084500000| Untracked 
|  70|0x0000000084600000, 0x0000000084700000, 0x0000000084700000|100%| O|  |TAMS 0x0000000084700000, 0x0000000084600000| Untracked 
|  71|0x0000000084700000, 0x0000000084800000, 0x0000000084800000|100%|HS|  |TAMS 0x0000000084800000, 0x0000000084700000| Complete 
|  72|0x0000000084800000, 0x0000000084900000, 0x0000000084900000|100%|HC|  |TAMS 0x0000000084900000, 0x0000000084800000| Complete 
|  73|0x0000000084900000, 0x0000000084a00000, 0x0000000084a00000|100%|HC|  |TAMS 0x0000000084a00000, 0x0000000084900000| Complete 
|  74|0x0000000084a00000, 0x0000000084b00000, 0x0000000084b00000|100%|HC|  |TAMS 0x0000000084b00000, 0x0000000084a00000| Complete 
|  75|0x0000000084b00000, 0x0000000084c00000, 0x0000000084c00000|100%|HC|  |TAMS 0x0000000084c00000, 0x0000000084b00000| Complete 
|  76|0x0000000084c00000, 0x0000000084d00000, 0x0000000084d00000|100%|HC|  |TAMS 0x0000000084d00000, 0x0000000084c00000| Complete 
|  77|0x0000000084d00000, 0x0000000084e00000, 0x0000000084e00000|100%|HC|  |TAMS 0x0000000084e00000, 0x0000000084d00000| Complete 
|  78|0x0000000084e00000, 0x0000000084f00000, 0x0000000084f00000|100%|HC|  |TAMS 0x0000000084f00000, 0x0000000084e00000| Complete 
|  79|0x0000000084f00000, 0x0000000085000000, 0x0000000085000000|100%|HC|  |TAMS 0x0000000085000000, 0x0000000084f00000| Complete 
|  80|0x0000000085000000, 0x0000000085100000, 0x0000000085100000|100%|HC|  |TAMS 0x0000000085100000, 0x0000000085000000| Complete 
|  81|0x0000000085100000, 0x0000000085200000, 0x0000000085200000|100%|HC|  |TAMS 0x0000000085200000, 0x0000000085100000| Complete 
|  82|0x0000000085200000, 0x0000000085300000, 0x0000000085300000|100%|HC|  |TAMS 0x0000000085300000, 0x0000000085200000| Complete 
|  83|0x0000000085300000, 0x0000000085400000, 0x0000000085400000|100%|HC|  |TAMS 0x0000000085400000, 0x0000000085300000| Complete 
|  84|0x0000000085400000, 0x0000000085500000, 0x0000000085500000|100%|HC|  |TAMS 0x0000000085500000, 0x0000000085400000| Complete 
|  85|0x0000000085500000, 0x0000000085600000, 0x0000000085600000|100%|HC|  |TAMS 0x0000000085600000, 0x0000000085500000| Complete 
|  86|0x0000000085600000, 0x0000000085700000, 0x0000000085700000|100%|HC|  |TAMS 0x0000000085700000, 0x0000000085600000| Complete 
|  87|0x0000000085700000, 0x0000000085800000, 0x0000000085800000|100%| O|  |TAMS 0x0000000085800000, 0x0000000085700000| Untracked 
|  88|0x0000000085800000, 0x00000000858ffff8, 0x0000000085900000| 99%| O|  |TAMS 0x00000000858ffff8, 0x0000000085800000| Untracked 
|  89|0x0000000085900000, 0x0000000085a00000, 0x0000000085a00000|100%| O|  |TAMS 0x0000000085a00000, 0x0000000085900000| Untracked 
|  90|0x0000000085a00000, 0x0000000085b00000, 0x0000000085b00000|100%| O|  |TAMS 0x0000000085b00000, 0x0000000085a00000| Untracked 
|  91|0x0000000085b00000, 0x0000000085c00000, 0x0000000085c00000|100%|HS|  |TAMS 0x0000000085c00000, 0x0000000085b00000| Complete 
|  92|0x0000000085c00000, 0x0000000085d00000, 0x0000000085d00000|100%|HC|  |TAMS 0x0000000085d00000, 0x0000000085c00000| Complete 
|  93|0x0000000085d00000, 0x0000000085e00000, 0x0000000085e00000|100%| O|  |TAMS 0x0000000085e00000, 0x0000000085d00000| Untracked 
|  94|0x0000000085e00000, 0x0000000085f00000, 0x0000000085f00000|100%|HS|  |TAMS 0x0000000085f00000, 0x0000000085e00000| Complete 
|  95|0x0000000085f00000, 0x0000000086000000, 0x0000000086000000|100%|HC|  |TAMS 0x0000000086000000, 0x0000000085f00000| Complete 
|  96|0x0000000086000000, 0x0000000086100000, 0x0000000086100000|100%|HC|  |TAMS 0x0000000086100000, 0x0000000086000000| Complete 
|  97|0x0000000086100000, 0x0000000086200000, 0x0000000086200000|100%|HC|  |TAMS 0x0000000086200000, 0x0000000086100000| Complete 
|  98|0x0000000086200000, 0x0000000086300000, 0x0000000086300000|100%|HC|  |TAMS 0x0000000086300000, 0x0000000086200000| Complete 
|  99|0x0000000086300000, 0x0000000086400000, 0x0000000086400000|100%|HC|  |TAMS 0x0000000086400000, 0x0000000086300000| Complete 
| 100|0x0000000086400000, 0x0000000086500000, 0x0000000086500000|100%|HC|  |TAMS 0x0000000086500000, 0x0000000086400000| Complete 
| 101|0x0000000086500000, 0x0000000086600000, 0x0000000086600000|100%|HC|  |TAMS 0x0000000086600000, 0x0000000086500000| Complete 
| 102|0x0000000086600000, 0x0000000086700000, 0x0000000086700000|100%|HC|  |TAMS 0x0000000086700000, 0x0000000086600000| Complete 
| 103|0x0000000086700000, 0x0000000086800000, 0x0000000086800000|100%|HC|  |TAMS 0x0000000086800000, 0x0000000086700000| Complete 
| 104|0x0000000086800000, 0x0000000086900000, 0x0000000086900000|100%|HC|  |TAMS 0x0000000086900000, 0x0000000086800000| Complete 
| 105|0x0000000086900000, 0x0000000086a00000, 0x0000000086a00000|100%|HC|  |TAMS 0x0000000086a00000, 0x0000000086900000| Complete 
| 106|0x0000000086a00000, 0x0000000086b00000, 0x0000000086b00000|100%|HC|  |TAMS 0x0000000086b00000, 0x0000000086a00000| Complete 
| 107|0x0000000086b00000, 0x0000000086c00000, 0x0000000086c00000|100%|HC|  |TAMS 0x0000000086c00000, 0x0000000086b00000| Complete 
| 108|0x0000000086c00000, 0x0000000086d00000, 0x0000000086d00000|100%|HC|  |TAMS 0x0000000086d00000, 0x0000000086c00000| Complete 
| 109|0x0000000086d00000, 0x0000000086e00000, 0x0000000086e00000|100%|HC|  |TAMS 0x0000000086e00000, 0x0000000086d00000| Complete 
| 110|0x0000000086e00000, 0x0000000086f00000, 0x0000000086f00000|100%|HS|  |TAMS 0x0000000086e00000, 0x0000000086e00000| Complete 
| 111|0x0000000086f00000, 0x0000000087000000, 0x0000000087000000|100%|HC|  |TAMS 0x0000000086f00000, 0x0000000086f00000| Complete 
| 112|0x0000000087000000, 0x0000000087100000, 0x0000000087100000|100%|HS|  |TAMS 0x0000000087000000, 0x0000000087000000| Complete 
| 113|0x0000000087100000, 0x0000000087200000, 0x0000000087200000|100%|HC|  |TAMS 0x0000000087100000, 0x0000000087100000| Complete 
| 114|0x0000000087200000, 0x0000000087200000, 0x0000000087300000|  0%| F|  |TAMS 0x0000000087200000, 0x0000000087200000| Untracked 
| 115|0x0000000087300000, 0x0000000087300000, 0x0000000087400000|  0%| F|  |TAMS 0x0000000087300000, 0x0000000087300000| Untracked 
| 116|0x0000000087400000, 0x0000000087400000, 0x0000000087500000|  0%| F|  |TAMS 0x0000000087400000, 0x0000000087400000| Untracked 
| 117|0x0000000087500000, 0x0000000087500000, 0x0000000087600000|  0%| F|  |TAMS 0x0000000087500000, 0x0000000087500000| Untracked 
| 118|0x0000000087600000, 0x0000000087600000, 0x0000000087700000|  0%| F|  |TAMS 0x0000000087600000, 0x0000000087600000| Untracked 
| 119|0x0000000087700000, 0x0000000087700000, 0x0000000087800000|  0%| F|  |TAMS 0x0000000087700000, 0x0000000087700000| Untracked 
| 120|0x0000000087800000, 0x0000000087900000, 0x0000000087900000|100%| O|  |TAMS 0x0000000087900000, 0x0000000087800000| Untracked 
| 121|0x0000000087900000, 0x0000000087a00000, 0x0000000087a00000|100%| O|  |TAMS 0x0000000087a00000, 0x0000000087900000| Untracked 
| 122|0x0000000087a00000, 0x0000000087b00000, 0x0000000087b00000|100%| O|  |TAMS 0x0000000087b00000, 0x0000000087a00000| Untracked 
| 123|0x0000000087b00000, 0x0000000087c00000, 0x0000000087c00000|100%| O|  |TAMS 0x0000000087c00000, 0x0000000087b00000| Untracked 
| 124|0x0000000087c00000, 0x0000000087d00000, 0x0000000087d00000|100%| O|  |TAMS 0x0000000087d00000, 0x0000000087c00000| Untracked 
| 125|0x0000000087d00000, 0x0000000087d00000, 0x0000000087e00000|  0%| F|  |TAMS 0x0000000087d00000, 0x0000000087d00000| Untracked 
| 126|0x0000000087e00000, 0x0000000087e00000, 0x0000000087f00000|  0%| F|  |TAMS 0x0000000087e00000, 0x0000000087e00000| Untracked 
| 127|0x0000000087f00000, 0x0000000088000000, 0x0000000088000000|100%| O|  |TAMS 0x0000000088000000, 0x0000000087f00000| Untracked 
| 128|0x0000000088000000, 0x0000000088100000, 0x0000000088100000|100%|HS|  |TAMS 0x0000000088100000, 0x0000000088000000| Complete 
| 129|0x0000000088100000, 0x0000000088200000, 0x0000000088200000|100%|HC|  |TAMS 0x0000000088200000, 0x0000000088100000| Complete 
| 130|0x0000000088200000, 0x0000000088300000, 0x0000000088300000|100%|HC|  |TAMS 0x0000000088300000, 0x0000000088200000| Complete 
| 131|0x0000000088300000, 0x0000000088400000, 0x0000000088400000|100%|HC|  |TAMS 0x0000000088400000, 0x0000000088300000| Complete 
| 132|0x0000000088400000, 0x0000000088500000, 0x0000000088500000|100%|HC|  |TAMS 0x0000000088500000, 0x0000000088400000| Complete 
| 133|0x0000000088500000, 0x0000000088600000, 0x0000000088600000|100%|HC|  |TAMS 0x0000000088600000, 0x0000000088500000| Complete 
| 134|0x0000000088600000, 0x0000000088700000, 0x0000000088700000|100%|HC|  |TAMS 0x0000000088700000, 0x0000000088600000| Complete 
| 135|0x0000000088700000, 0x0000000088800000, 0x0000000088800000|100%|HC|  |TAMS 0x0000000088800000, 0x0000000088700000| Complete 
| 136|0x0000000088800000, 0x0000000088900000, 0x0000000088900000|100%|HC|  |TAMS 0x0000000088900000, 0x0000000088800000| Complete 
| 137|0x0000000088900000, 0x0000000088a00000, 0x0000000088a00000|100%|HC|  |TAMS 0x0000000088a00000, 0x0000000088900000| Complete 
| 138|0x0000000088a00000, 0x0000000088b00000, 0x0000000088b00000|100%|HC|  |TAMS 0x0000000088b00000, 0x0000000088a00000| Complete 
| 139|0x0000000088b00000, 0x0000000088c00000, 0x0000000088c00000|100%|HC|  |TAMS 0x0000000088c00000, 0x0000000088b00000| Complete 
| 140|0x0000000088c00000, 0x0000000088d00000, 0x0000000088d00000|100%|HC|  |TAMS 0x0000000088d00000, 0x0000000088c00000| Complete 
| 141|0x0000000088d00000, 0x0000000088e00000, 0x0000000088e00000|100%|HC|  |TAMS 0x0000000088e00000, 0x0000000088d00000| Complete 
| 142|0x0000000088e00000, 0x0000000088f00000, 0x0000000088f00000|100%|HC|  |TAMS 0x0000000088f00000, 0x0000000088e00000| Complete 
| 143|0x0000000088f00000, 0x0000000089000000, 0x0000000089000000|100%|HC|  |TAMS 0x0000000089000000, 0x0000000088f00000| Complete 
| 144|0x0000000089000000, 0x0000000089100000, 0x0000000089100000|100%|HS|  |TAMS 0x0000000089100000, 0x0000000089000000| Complete 
| 145|0x0000000089100000, 0x0000000089200000, 0x0000000089200000|100%|HC|  |TAMS 0x0000000089200000, 0x0000000089100000| Complete 
| 146|0x0000000089200000, 0x0000000089300000, 0x0000000089300000|100%|HC|  |TAMS 0x0000000089300000, 0x0000000089200000| Complete 
| 147|0x0000000089300000, 0x0000000089400000, 0x0000000089400000|100%|HC|  |TAMS 0x0000000089400000, 0x0000000089300000| Complete 
| 148|0x0000000089400000, 0x0000000089500000, 0x0000000089500000|100%|HC|  |TAMS 0x0000000089500000, 0x0000000089400000| Complete 
| 149|0x0000000089500000, 0x0000000089600000, 0x0000000089600000|100%|HC|  |TAMS 0x0000000089600000, 0x0000000089500000| Complete 
| 150|0x0000000089600000, 0x0000000089700000, 0x0000000089700000|100%|HC|  |TAMS 0x0000000089700000, 0x0000000089600000| Complete 
| 151|0x0000000089700000, 0x0000000089800000, 0x0000000089800000|100%|HC|  |TAMS 0x0000000089800000, 0x0000000089700000| Complete 
| 152|0x0000000089800000, 0x0000000089900000, 0x0000000089900000|100%|HC|  |TAMS 0x0000000089900000, 0x0000000089800000| Complete 
| 153|0x0000000089900000, 0x0000000089a00000, 0x0000000089a00000|100%|HC|  |TAMS 0x0000000089a00000, 0x0000000089900000| Complete 
| 154|0x0000000089a00000, 0x0000000089b00000, 0x0000000089b00000|100%|HC|  |TAMS 0x0000000089b00000, 0x0000000089a00000| Complete 
| 155|0x0000000089b00000, 0x0000000089c00000, 0x0000000089c00000|100%|HC|  |TAMS 0x0000000089c00000, 0x0000000089b00000| Complete 
| 156|0x0000000089c00000, 0x0000000089d00000, 0x0000000089d00000|100%|HC|  |TAMS 0x0000000089d00000, 0x0000000089c00000| Complete 
| 157|0x0000000089d00000, 0x0000000089e00000, 0x0000000089e00000|100%|HC|  |TAMS 0x0000000089e00000, 0x0000000089d00000| Complete 
| 158|0x0000000089e00000, 0x0000000089f00000, 0x0000000089f00000|100%|HC|  |TAMS 0x0000000089f00000, 0x0000000089e00000| Complete 
| 159|0x0000000089f00000, 0x000000008a000000, 0x000000008a000000|100%|HC|  |TAMS 0x000000008a000000, 0x0000000089f00000| Complete 
| 160|0x000000008a000000, 0x000000008a100000, 0x000000008a100000|100%|HS|  |TAMS 0x000000008a100000, 0x000000008a000000| Complete 
| 161|0x000000008a100000, 0x000000008a200000, 0x000000008a200000|100%|HC|  |TAMS 0x000000008a200000, 0x000000008a100000| Complete 
| 162|0x000000008a200000, 0x000000008a300000, 0x000000008a300000|100%|HC|  |TAMS 0x000000008a300000, 0x000000008a200000| Complete 
| 163|0x000000008a300000, 0x000000008a400000, 0x000000008a400000|100%|HC|  |TAMS 0x000000008a400000, 0x000000008a300000| Complete 
| 164|0x000000008a400000, 0x000000008a500000, 0x000000008a500000|100%|HC|  |TAMS 0x000000008a500000, 0x000000008a400000| Complete 
| 165|0x000000008a500000, 0x000000008a600000, 0x000000008a600000|100%|HC|  |TAMS 0x000000008a600000, 0x000000008a500000| Complete 
| 166|0x000000008a600000, 0x000000008a700000, 0x000000008a700000|100%|HC|  |TAMS 0x000000008a700000, 0x000000008a600000| Complete 
| 167|0x000000008a700000, 0x000000008a800000, 0x000000008a800000|100%|HC|  |TAMS 0x000000008a800000, 0x000000008a700000| Complete 
| 168|0x000000008a800000, 0x000000008a900000, 0x000000008a900000|100%|HC|  |TAMS 0x000000008a900000, 0x000000008a800000| Complete 
| 169|0x000000008a900000, 0x000000008aa00000, 0x000000008aa00000|100%|HC|  |TAMS 0x000000008aa00000, 0x000000008a900000| Complete 
| 170|0x000000008aa00000, 0x000000008ab00000, 0x000000008ab00000|100%|HC|  |TAMS 0x000000008ab00000, 0x000000008aa00000| Complete 
| 171|0x000000008ab00000, 0x000000008ac00000, 0x000000008ac00000|100%|HC|  |TAMS 0x000000008ac00000, 0x000000008ab00000| Complete 
| 172|0x000000008ac00000, 0x000000008ad00000, 0x000000008ad00000|100%|HC|  |TAMS 0x000000008ad00000, 0x000000008ac00000| Complete 
| 173|0x000000008ad00000, 0x000000008ae00000, 0x000000008ae00000|100%|HC|  |TAMS 0x000000008ae00000, 0x000000008ad00000| Complete 
| 174|0x000000008ae00000, 0x000000008af00000, 0x000000008af00000|100%|HC|  |TAMS 0x000000008af00000, 0x000000008ae00000| Complete 
| 175|0x000000008af00000, 0x000000008b000000, 0x000000008b000000|100%|HC|  |TAMS 0x000000008b000000, 0x000000008af00000| Complete 
| 176|0x000000008b000000, 0x000000008b100000, 0x000000008b100000|100%|HS|  |TAMS 0x000000008b100000, 0x000000008b000000| Complete 
| 177|0x000000008b100000, 0x000000008b200000, 0x000000008b200000|100%|HC|  |TAMS 0x000000008b200000, 0x000000008b100000| Complete 
| 178|0x000000008b200000, 0x000000008b300000, 0x000000008b300000|100%|HC|  |TAMS 0x000000008b300000, 0x000000008b200000| Complete 
| 179|0x000000008b300000, 0x000000008b400000, 0x000000008b400000|100%|HC|  |TAMS 0x000000008b400000, 0x000000008b300000| Complete 
| 180|0x000000008b400000, 0x000000008b500000, 0x000000008b500000|100%|HC|  |TAMS 0x000000008b500000, 0x000000008b400000| Complete 
| 181|0x000000008b500000, 0x000000008b600000, 0x000000008b600000|100%|HC|  |TAMS 0x000000008b600000, 0x000000008b500000| Complete 
| 182|0x000000008b600000, 0x000000008b700000, 0x000000008b700000|100%|HC|  |TAMS 0x000000008b700000, 0x000000008b600000| Complete 
| 183|0x000000008b700000, 0x000000008b800000, 0x000000008b800000|100%|HC|  |TAMS 0x000000008b800000, 0x000000008b700000| Complete 
| 184|0x000000008b800000, 0x000000008b900000, 0x000000008b900000|100%|HC|  |TAMS 0x000000008b900000, 0x000000008b800000| Complete 
| 185|0x000000008b900000, 0x000000008ba00000, 0x000000008ba00000|100%|HC|  |TAMS 0x000000008ba00000, 0x000000008b900000| Complete 
| 186|0x000000008ba00000, 0x000000008bb00000, 0x000000008bb00000|100%|HC|  |TAMS 0x000000008bb00000, 0x000000008ba00000| Complete 
| 187|0x000000008bb00000, 0x000000008bc00000, 0x000000008bc00000|100%|HC|  |TAMS 0x000000008bc00000, 0x000000008bb00000| Complete 
| 188|0x000000008bc00000, 0x000000008bd00000, 0x000000008bd00000|100%|HC|  |TAMS 0x000000008bd00000, 0x000000008bc00000| Complete 
| 189|0x000000008bd00000, 0x000000008be00000, 0x000000008be00000|100%|HC|  |TAMS 0x000000008be00000, 0x000000008bd00000| Complete 
| 190|0x000000008be00000, 0x000000008bf00000, 0x000000008bf00000|100%|HC|  |TAMS 0x000000008bf00000, 0x000000008be00000| Complete 
| 191|0x000000008bf00000, 0x000000008c000000, 0x000000008c000000|100%|HC|  |TAMS 0x000000008c000000, 0x000000008bf00000| Complete 
| 192|0x000000008c000000, 0x000000008c078000, 0x000000008c100000| 46%| O|  |TAMS 0x000000008c078000, 0x000000008c000000| Untracked 
| 193|0x000000008c100000, 0x000000008c100000, 0x000000008c200000|  0%| F|  |TAMS 0x000000008c100000, 0x000000008c100000| Untracked 
| 194|0x000000008c200000, 0x000000008c200000, 0x000000008c300000|  0%| F|  |TAMS 0x000000008c200000, 0x000000008c200000| Untracked 
| 195|0x000000008c300000, 0x000000008c300000, 0x000000008c400000|  0%| F|  |TAMS 0x000000008c300000, 0x000000008c300000| Untracked 
| 196|0x000000008c400000, 0x000000008c400000, 0x000000008c500000|  0%| F|  |TAMS 0x000000008c400000, 0x000000008c400000| Untracked 
| 197|0x000000008c500000, 0x000000008c500000, 0x000000008c600000|  0%| F|  |TAMS 0x000000008c500000, 0x000000008c500000| Untracked 
| 198|0x000000008c600000, 0x000000008c600000, 0x000000008c700000|  0%| F|  |TAMS 0x000000008c600000, 0x000000008c600000| Untracked 
| 199|0x000000008c700000, 0x000000008c700000, 0x000000008c800000|  0%| F|  |TAMS 0x000000008c700000, 0x000000008c700000| Untracked 
| 200|0x000000008c800000, 0x000000008c800000, 0x000000008c900000|  0%| F|  |TAMS 0x000000008c800000, 0x000000008c800000| Untracked 
| 201|0x000000008c900000, 0x000000008c900000, 0x000000008ca00000|  0%| F|  |TAMS 0x000000008c900000, 0x000000008c900000| Untracked 
| 202|0x000000008ca00000, 0x000000008ca00000, 0x000000008cb00000|  0%| F|  |TAMS 0x000000008ca00000, 0x000000008ca00000| Untracked 
| 203|0x000000008cb00000, 0x000000008cb00000, 0x000000008cc00000|  0%| F|  |TAMS 0x000000008cb00000, 0x000000008cb00000| Untracked 
| 204|0x000000008cc00000, 0x000000008cc00000, 0x000000008cd00000|  0%| F|  |TAMS 0x000000008cc00000, 0x000000008cc00000| Untracked 
| 205|0x000000008cd00000, 0x000000008cd00000, 0x000000008ce00000|  0%| F|  |TAMS 0x000000008cd00000, 0x000000008cd00000| Untracked 
| 206|0x000000008ce00000, 0x000000008ce00000, 0x000000008cf00000|  0%| F|  |TAMS 0x000000008ce00000, 0x000000008ce00000| Untracked 
| 207|0x000000008cf00000, 0x000000008cf00000, 0x000000008d000000|  0%| F|  |TAMS 0x000000008cf00000, 0x000000008cf00000| Untracked 
| 208|0x000000008d000000, 0x000000008d000000, 0x000000008d100000|  0%| F|  |TAMS 0x000000008d000000, 0x000000008d000000| Untracked 
| 209|0x000000008d100000, 0x000000008d100000, 0x000000008d200000|  0%| F|  |TAMS 0x000000008d100000, 0x000000008d100000| Untracked 
| 210|0x000000008d200000, 0x000000008d200000, 0x000000008d300000|  0%| F|  |TAMS 0x000000008d200000, 0x000000008d200000| Untracked 
| 211|0x000000008d300000, 0x000000008d300000, 0x000000008d400000|  0%| F|  |TAMS 0x000000008d300000, 0x000000008d300000| Untracked 
| 212|0x000000008d400000, 0x000000008d400000, 0x000000008d500000|  0%| F|  |TAMS 0x000000008d400000, 0x000000008d400000| Untracked 
| 213|0x000000008d500000, 0x000000008d500000, 0x000000008d600000|  0%| F|  |TAMS 0x000000008d500000, 0x000000008d500000| Untracked 
| 214|0x000000008d600000, 0x000000008d600000, 0x000000008d700000|  0%| F|  |TAMS 0x000000008d600000, 0x000000008d600000| Untracked 
| 215|0x000000008d700000, 0x000000008d700000, 0x000000008d800000|  0%| F|  |TAMS 0x000000008d700000, 0x000000008d700000| Untracked 
| 216|0x000000008d800000, 0x000000008d800000, 0x000000008d900000|  0%| F|  |TAMS 0x000000008d800000, 0x000000008d800000| Untracked 
| 217|0x000000008d900000, 0x000000008d900000, 0x000000008da00000|  0%| F|  |TAMS 0x000000008d900000, 0x000000008d900000| Untracked 
| 218|0x000000008da00000, 0x000000008da00000, 0x000000008db00000|  0%| F|  |TAMS 0x000000008da00000, 0x000000008da00000| Untracked 
| 219|0x000000008db00000, 0x000000008db00000, 0x000000008dc00000|  0%| F|  |TAMS 0x000000008db00000, 0x000000008db00000| Untracked 
| 220|0x000000008dc00000, 0x000000008dc00000, 0x000000008dd00000|  0%| F|  |TAMS 0x000000008dc00000, 0x000000008dc00000| Untracked 
| 221|0x000000008dd00000, 0x000000008dd00000, 0x000000008de00000|  0%| F|  |TAMS 0x000000008dd00000, 0x000000008dd00000| Untracked 
| 222|0x000000008de00000, 0x000000008de00000, 0x000000008df00000|  0%| F|  |TAMS 0x000000008de00000, 0x000000008de00000| Untracked 
| 223|0x000000008df00000, 0x000000008df00000, 0x000000008e000000|  0%| F|  |TAMS 0x000000008df00000, 0x000000008df00000| Untracked 
| 224|0x000000008e000000, 0x000000008e000000, 0x000000008e100000|  0%| F|  |TAMS 0x000000008e000000, 0x000000008e000000| Untracked 
| 225|0x000000008e100000, 0x000000008e100000, 0x000000008e200000|  0%| F|  |TAMS 0x000000008e100000, 0x000000008e100000| Untracked 
| 226|0x000000008e200000, 0x000000008e200000, 0x000000008e300000|  0%| F|  |TAMS 0x000000008e200000, 0x000000008e200000| Untracked 
| 227|0x000000008e300000, 0x000000008e300000, 0x000000008e400000|  0%| F|  |TAMS 0x000000008e300000, 0x000000008e300000| Untracked 
| 228|0x000000008e400000, 0x000000008e400000, 0x000000008e500000|  0%| F|  |TAMS 0x000000008e400000, 0x000000008e400000| Untracked 
| 229|0x000000008e500000, 0x000000008e500000, 0x000000008e600000|  0%| F|  |TAMS 0x000000008e500000, 0x000000008e500000| Untracked 
| 230|0x000000008e600000, 0x000000008e600000, 0x000000008e700000|  0%| F|  |TAMS 0x000000008e600000, 0x000000008e600000| Untracked 
| 231|0x000000008e700000, 0x000000008e700000, 0x000000008e800000|  0%| F|  |TAMS 0x000000008e700000, 0x000000008e700000| Untracked 
| 232|0x000000008e800000, 0x000000008e800000, 0x000000008e900000|  0%| F|  |TAMS 0x000000008e800000, 0x000000008e800000| Untracked 
| 233|0x000000008e900000, 0x000000008e900000, 0x000000008ea00000|  0%| F|  |TAMS 0x000000008e900000, 0x000000008e900000| Untracked 
| 234|0x000000008ea00000, 0x000000008ea00000, 0x000000008eb00000|  0%| F|  |TAMS 0x000000008ea00000, 0x000000008ea00000| Untracked 
| 235|0x000000008eb00000, 0x000000008eb00000, 0x000000008ec00000|  0%| F|  |TAMS 0x000000008eb00000, 0x000000008eb00000| Untracked 
| 236|0x000000008ec00000, 0x000000008ec00000, 0x000000008ed00000|  0%| F|  |TAMS 0x000000008ec00000, 0x000000008ec00000| Untracked 
| 237|0x000000008ed00000, 0x000000008ed00000, 0x000000008ee00000|  0%| F|  |TAMS 0x000000008ed00000, 0x000000008ed00000| Untracked 
| 238|0x000000008ee00000, 0x000000008ee00000, 0x000000008ef00000|  0%| F|  |TAMS 0x000000008ee00000, 0x000000008ee00000| Untracked 
| 239|0x000000008ef00000, 0x000000008ef00000, 0x000000008f000000|  0%| F|  |TAMS 0x000000008ef00000, 0x000000008ef00000| Untracked 
| 240|0x000000008f000000, 0x000000008f000000, 0x000000008f100000|  0%| F|  |TAMS 0x000000008f000000, 0x000000008f000000| Untracked 
| 241|0x000000008f100000, 0x000000008f100000, 0x000000008f200000|  0%| F|  |TAMS 0x000000008f100000, 0x000000008f100000| Untracked 
| 242|0x000000008f200000, 0x000000008f200000, 0x000000008f300000|  0%| F|  |TAMS 0x000000008f200000, 0x000000008f200000| Untracked 
| 243|0x000000008f300000, 0x000000008f300000, 0x000000008f400000|  0%| F|  |TAMS 0x000000008f300000, 0x000000008f300000| Untracked 
| 244|0x000000008f400000, 0x000000008f400000, 0x000000008f500000|  0%| F|  |TAMS 0x000000008f400000, 0x000000008f400000| Untracked 
| 245|0x000000008f500000, 0x000000008f500000, 0x000000008f600000|  0%| F|  |TAMS 0x000000008f500000, 0x000000008f500000| Untracked 
| 246|0x000000008f600000, 0x000000008f600000, 0x000000008f700000|  0%| F|  |TAMS 0x000000008f600000, 0x000000008f600000| Untracked 
| 247|0x000000008f700000, 0x000000008f700000, 0x000000008f800000|  0%| F|  |TAMS 0x000000008f700000, 0x000000008f700000| Untracked 
| 248|0x000000008f800000, 0x000000008f800000, 0x000000008f900000|  0%| F|  |TAMS 0x000000008f800000, 0x000000008f800000| Untracked 
| 249|0x000000008f900000, 0x000000008f900000, 0x000000008fa00000|  0%| F|  |TAMS 0x000000008f900000, 0x000000008f900000| Untracked 
| 250|0x000000008fa00000, 0x000000008fa00000, 0x000000008fb00000|  0%| F|  |TAMS 0x000000008fa00000, 0x000000008fa00000| Untracked 
| 251|0x000000008fb00000, 0x000000008fb00000, 0x000000008fc00000|  0%| F|  |TAMS 0x000000008fb00000, 0x000000008fb00000| Untracked 
| 252|0x000000008fc00000, 0x000000008fc00000, 0x000000008fd00000|  0%| F|  |TAMS 0x000000008fc00000, 0x000000008fc00000| Untracked 
| 253|0x000000008fd00000, 0x000000008fd00000, 0x000000008fe00000|  0%| F|  |TAMS 0x000000008fd00000, 0x000000008fd00000| Untracked 
| 254|0x000000008fe00000, 0x000000008fe00000, 0x000000008ff00000|  0%| F|  |TAMS 0x000000008fe00000, 0x000000008fe00000| Untracked 
| 255|0x000000008ff00000, 0x000000008ff00000, 0x0000000090000000|  0%| F|  |TAMS 0x000000008ff00000, 0x000000008ff00000| Untracked 
| 256|0x0000000090000000, 0x0000000090000000, 0x0000000090100000|  0%| F|  |TAMS 0x0000000090000000, 0x0000000090000000| Untracked 
| 257|0x0000000090100000, 0x0000000090100000, 0x0000000090200000|  0%| F|  |TAMS 0x0000000090100000, 0x0000000090100000| Untracked 
| 258|0x0000000090200000, 0x0000000090200000, 0x0000000090300000|  0%| F|  |TAMS 0x0000000090200000, 0x0000000090200000| Untracked 
| 259|0x0000000090300000, 0x0000000090300000, 0x0000000090400000|  0%| F|  |TAMS 0x0000000090300000, 0x0000000090300000| Untracked 
| 260|0x0000000090400000, 0x0000000090400000, 0x0000000090500000|  0%| F|  |TAMS 0x0000000090400000, 0x0000000090400000| Untracked 
| 261|0x0000000090500000, 0x0000000090500000, 0x0000000090600000|  0%| F|  |TAMS 0x0000000090500000, 0x0000000090500000| Untracked 
| 262|0x0000000090600000, 0x0000000090600000, 0x0000000090700000|  0%| F|  |TAMS 0x0000000090600000, 0x0000000090600000| Untracked 
| 263|0x0000000090700000, 0x0000000090700000, 0x0000000090800000|  0%| F|  |TAMS 0x0000000090700000, 0x0000000090700000| Untracked 
| 264|0x0000000090800000, 0x0000000090800000, 0x0000000090900000|  0%| F|  |TAMS 0x0000000090800000, 0x0000000090800000| Untracked 
| 265|0x0000000090900000, 0x0000000090900000, 0x0000000090a00000|  0%| F|  |TAMS 0x0000000090900000, 0x0000000090900000| Untracked 
| 266|0x0000000090a00000, 0x0000000090a00000, 0x0000000090b00000|  0%| F|  |TAMS 0x0000000090a00000, 0x0000000090a00000| Untracked 
| 267|0x0000000090b00000, 0x0000000090b00000, 0x0000000090c00000|  0%| F|  |TAMS 0x0000000090b00000, 0x0000000090b00000| Untracked 
| 268|0x0000000090c00000, 0x0000000090c00000, 0x0000000090d00000|  0%| F|  |TAMS 0x0000000090c00000, 0x0000000090c00000| Untracked 
| 269|0x0000000090d00000, 0x0000000090d00000, 0x0000000090e00000|  0%| F|  |TAMS 0x0000000090d00000, 0x0000000090d00000| Untracked 
| 270|0x0000000090e00000, 0x0000000090e00000, 0x0000000090f00000|  0%| F|  |TAMS 0x0000000090e00000, 0x0000000090e00000| Untracked 
| 271|0x0000000090f00000, 0x0000000090f00000, 0x0000000091000000|  0%| F|  |TAMS 0x0000000090f00000, 0x0000000090f00000| Untracked 
| 272|0x0000000091000000, 0x0000000091000000, 0x0000000091100000|  0%| F|  |TAMS 0x0000000091000000, 0x0000000091000000| Untracked 
| 273|0x0000000091100000, 0x0000000091100000, 0x0000000091200000|  0%| F|  |TAMS 0x0000000091100000, 0x0000000091100000| Untracked 
| 274|0x0000000091200000, 0x0000000091200000, 0x0000000091300000|  0%| F|  |TAMS 0x0000000091200000, 0x0000000091200000| Untracked 
| 275|0x0000000091300000, 0x0000000091300000, 0x0000000091400000|  0%| F|  |TAMS 0x0000000091300000, 0x0000000091300000| Untracked 
| 276|0x0000000091400000, 0x0000000091400000, 0x0000000091500000|  0%| F|  |TAMS 0x0000000091400000, 0x0000000091400000| Untracked 
| 277|0x0000000091500000, 0x0000000091500000, 0x0000000091600000|  0%| F|  |TAMS 0x0000000091500000, 0x0000000091500000| Untracked 
| 278|0x0000000091600000, 0x0000000091600000, 0x0000000091700000|  0%| F|  |TAMS 0x0000000091600000, 0x0000000091600000| Untracked 
| 279|0x0000000091700000, 0x0000000091700000, 0x0000000091800000|  0%| F|  |TAMS 0x0000000091700000, 0x0000000091700000| Untracked 
| 280|0x0000000091800000, 0x0000000091800000, 0x0000000091900000|  0%| F|  |TAMS 0x0000000091800000, 0x0000000091800000| Untracked 
| 281|0x0000000091900000, 0x0000000091900000, 0x0000000091a00000|  0%| F|  |TAMS 0x0000000091900000, 0x0000000091900000| Untracked 
| 282|0x0000000091a00000, 0x0000000091a00000, 0x0000000091b00000|  0%| F|  |TAMS 0x0000000091a00000, 0x0000000091a00000| Untracked 
| 283|0x0000000091b00000, 0x0000000091b00000, 0x0000000091c00000|  0%| F|  |TAMS 0x0000000091b00000, 0x0000000091b00000| Untracked 
| 284|0x0000000091c00000, 0x0000000091c00000, 0x0000000091d00000|  0%| F|  |TAMS 0x0000000091c00000, 0x0000000091c00000| Untracked 
| 285|0x0000000091d00000, 0x0000000091d00000, 0x0000000091e00000|  0%| F|  |TAMS 0x0000000091d00000, 0x0000000091d00000| Untracked 
| 286|0x0000000091e00000, 0x0000000091e00000, 0x0000000091f00000|  0%| F|  |TAMS 0x0000000091e00000, 0x0000000091e00000| Untracked 
| 287|0x0000000091f00000, 0x0000000091f00000, 0x0000000092000000|  0%| F|  |TAMS 0x0000000091f00000, 0x0000000091f00000| Untracked 
| 288|0x0000000092000000, 0x0000000092000000, 0x0000000092100000|  0%| F|  |TAMS 0x0000000092000000, 0x0000000092000000| Untracked 
| 289|0x0000000092100000, 0x0000000092100000, 0x0000000092200000|  0%| F|  |TAMS 0x0000000092100000, 0x0000000092100000| Untracked 
| 290|0x0000000092200000, 0x0000000092200000, 0x0000000092300000|  0%| F|  |TAMS 0x0000000092200000, 0x0000000092200000| Untracked 
| 291|0x0000000092300000, 0x0000000092300000, 0x0000000092400000|  0%| F|  |TAMS 0x0000000092300000, 0x0000000092300000| Untracked 
| 292|0x0000000092400000, 0x0000000092400000, 0x0000000092500000|  0%| F|  |TAMS 0x0000000092400000, 0x0000000092400000| Untracked 
| 293|0x0000000092500000, 0x0000000092500000, 0x0000000092600000|  0%| F|  |TAMS 0x0000000092500000, 0x0000000092500000| Untracked 
| 294|0x0000000092600000, 0x0000000092600000, 0x0000000092700000|  0%| F|  |TAMS 0x0000000092600000, 0x0000000092600000| Untracked 
| 295|0x0000000092700000, 0x0000000092700000, 0x0000000092800000|  0%| F|  |TAMS 0x0000000092700000, 0x0000000092700000| Untracked 
| 296|0x0000000092800000, 0x0000000092800000, 0x0000000092900000|  0%| F|  |TAMS 0x0000000092800000, 0x0000000092800000| Untracked 
| 297|0x0000000092900000, 0x0000000092900000, 0x0000000092a00000|  0%| F|  |TAMS 0x0000000092900000, 0x0000000092900000| Untracked 
| 298|0x0000000092a00000, 0x0000000092a00000, 0x0000000092b00000|  0%| F|  |TAMS 0x0000000092a00000, 0x0000000092a00000| Untracked 
| 299|0x0000000092b00000, 0x0000000092b00000, 0x0000000092c00000|  0%| F|  |TAMS 0x0000000092b00000, 0x0000000092b00000| Untracked 
| 300|0x0000000092c00000, 0x0000000092c00000, 0x0000000092d00000|  0%| F|  |TAMS 0x0000000092c00000, 0x0000000092c00000| Untracked 
| 301|0x0000000092d00000, 0x0000000092d00000, 0x0000000092e00000|  0%| F|  |TAMS 0x0000000092d00000, 0x0000000092d00000| Untracked 
| 302|0x0000000092e00000, 0x0000000092e00000, 0x0000000092f00000|  0%| F|  |TAMS 0x0000000092e00000, 0x0000000092e00000| Untracked 
| 303|0x0000000092f00000, 0x0000000092f00000, 0x0000000093000000|  0%| F|  |TAMS 0x0000000092f00000, 0x0000000092f00000| Untracked 
| 304|0x0000000093000000, 0x0000000093000000, 0x0000000093100000|  0%| F|  |TAMS 0x0000000093000000, 0x0000000093000000| Untracked 
| 305|0x0000000093100000, 0x0000000093100000, 0x0000000093200000|  0%| F|  |TAMS 0x0000000093100000, 0x0000000093100000| Untracked 
| 306|0x0000000093200000, 0x0000000093200000, 0x0000000093300000|  0%| F|  |TAMS 0x0000000093200000, 0x0000000093200000| Untracked 
| 307|0x0000000093300000, 0x0000000093317ea8, 0x0000000093400000|  9%| E|  |TAMS 0x0000000093300000, 0x0000000093300000| Complete 
| 308|0x0000000093400000, 0x0000000093500000, 0x0000000093500000|100%| E|CS|TAMS 0x0000000093400000, 0x0000000093400000| Complete 
| 309|0x0000000093500000, 0x0000000093600000, 0x0000000093600000|100%| E|CS|TAMS 0x0000000093500000, 0x0000000093500000| Complete 
| 310|0x0000000093600000, 0x0000000093700000, 0x0000000093700000|100%| E|CS|TAMS 0x0000000093600000, 0x0000000093600000| Complete 
| 311|0x0000000093700000, 0x0000000093800000, 0x0000000093800000|100%| E|  |TAMS 0x0000000093700000, 0x0000000093700000| Complete 
| 312|0x0000000093800000, 0x0000000093900000, 0x0000000093900000|100%| E|CS|TAMS 0x0000000093800000, 0x0000000093800000| Complete 
| 313|0x0000000093900000, 0x00000000939368a0, 0x0000000093a00000| 21%| S|CS|TAMS 0x0000000093900000, 0x0000000093900000| Complete 
| 314|0x0000000093a00000, 0x0000000093b00000, 0x0000000093b00000|100%| S|CS|TAMS 0x0000000093a00000, 0x0000000093a00000| Complete 
| 315|0x0000000093b00000, 0x0000000093c00000, 0x0000000093c00000|100%| E|CS|TAMS 0x0000000093b00000, 0x0000000093b00000| Complete 
| 316|0x0000000093c00000, 0x0000000093d00000, 0x0000000093d00000|100%| E|CS|TAMS 0x0000000093c00000, 0x0000000093c00000| Complete 
| 317|0x0000000093d00000, 0x0000000093e00000, 0x0000000093e00000|100%| E|CS|TAMS 0x0000000093d00000, 0x0000000093d00000| Complete 

Card table byte_map: [0x0000014242ba0000,0x0000014242fa0000] _byte_map_base: 0x00000142427a0000

Marking Bits (Prev, Next): (CMBitMap*) 0x000001422954e058, (CMBitMap*) 0x000001422954e090
 Prev Bits: [0x00000142433a0000, 0x00000142453a0000)
 Next Bits: [0x00000142453a0000, 0x00000142473a0000)

Polling page: 0x0000014228fa0000

Metaspace:

Usage:
  Non-class:    129.53 MB capacity,   125.47 MB ( 97%) used,     3.14 MB (  2%) free+waste,   944.75 KB ( <1%) overhead. 
      Class:     23.91 MB capacity,    20.11 MB ( 84%) used,     3.29 MB ( 14%) free+waste,   513.62 KB (  2%) overhead. 
       Both:    153.44 MB capacity,   145.58 MB ( 95%) used,     6.43 MB (  4%) free+waste,     1.42 MB ( <1%) overhead. 

Virtual space:
  Non-class space:      130.00 MB reserved,     129.67 MB (>99%) committed 
      Class space:        1.00 GB reserved,      23.96 MB (  2%) committed 
             Both:        1.13 GB reserved,     153.63 MB ( 13%) committed 

Chunk freelists:
   Non-Class:  15.00 KB
       Class:  0 bytes
        Both:  15.00 KB

MaxMetaspaceSize: 17179869184.00 GB
CompressedClassSpaceSize: 1.00 GB
Initial GC threshold: 20.80 MB
Current GC threshold: 256.05 MB
CDS: off

CodeHeap 'non-profiled nmethods': size=120064Kb used=9316Kb max_used=9316Kb free=110748Kb
 bounds [0x000001423ad30000, 0x000001423b650000, 0x0000014242270000]
CodeHeap 'profiled nmethods': size=120000Kb used=32990Kb max_used=32990Kb free=87009Kb
 bounds [0x0000014233800000, 0x0000014235840000, 0x000001423ad30000]
CodeHeap 'non-nmethods': size=5696Kb used=1677Kb max_used=1736Kb free=4019Kb
 bounds [0x0000014233270000, 0x00000142334e0000, 0x0000014233800000]
 total_blobs=16007 nmethods=14952 adapters=963
 compilation: enabled
              stopped_count=0, restarted_count=0
 full_count=0

Compilation events (20 events):
Event: 52.905 Thread 0x000001424a32b000 nmethod 15053 0x000001423582fe90 code [0x0000014235830060, 0x0000014235830398]
Event: 52.905 Thread 0x000001424a32b000 15054       1       org.apache.kafka.clients.admin.KafkaAdminClient::access$200 (5 bytes)
Event: 52.906 Thread 0x000001424a32b000 nmethod 15054 0x000001423b648a10 code [0x000001423b648bc0, 0x000001423b648c58]
Event: 52.930 Thread 0x000001424a32b000 15055       3       scala.collection.SetLike::$plus$plus$ (6 bytes)
Event: 52.930 Thread 0x000001424a32b000 nmethod 15055 0x0000014235830510 code [0x00000142358306c0, 0x0000014235830828]
Event: 52.930 Thread 0x000001424a32b000 15056       3       scala.collection.SetLike::$plus$plus (325 bytes)
Event: 52.932 Thread 0x000001424a32b000 nmethod 15056 0x0000014235830910 code [0x0000014235830da0, 0x0000014235833f68]
Event: 52.932 Thread 0x000001424a32b000 15057       3       java.net.URI::resolve (345 bytes)
Event: 52.933 Thread 0x000001424a32b000 nmethod 15057 0x0000014235834790 code [0x0000014235834aa0, 0x0000014235836238]
Event: 52.933 Thread 0x000001424a32b000 15058       1       org.apache.hadoop.fs.FilterFs::getMyFs (5 bytes)
Event: 52.933 Thread 0x000001424a32b000 nmethod 15058 0x000001423b648d10 code [0x000001423b648ec0, 0x000001423b648f78]
Event: 52.934 Thread 0x000001424a32b000 15059       3       java.util.regex.Pattern$LastMatch::match (21 bytes)
Event: 52.934 Thread 0x000001424a32b000 nmethod 15059 0x0000014235836710 code [0x00000142358368e0, 0x0000014235836ae8]
Event: 52.934 Thread 0x000001424a32b000 15060       3       java.lang.Short::valueOf (7 bytes)
Event: 52.935 Thread 0x000001424a32b000 nmethod 15060 0x0000014235836c10 code [0x0000014235836de0, 0x0000014235836f78]
Event: 52.935 Thread 0x000001424a32b000 15061       3       java.lang.Short::valueOf (9 bytes)
Event: 52.935 Thread 0x000001424a32b000 nmethod 15061 0x0000014235837090 code [0x0000014235837260, 0x0000014235837398]
Event: 53.274 Thread 0x000001424a32b000 15062       3       java.lang.ThreadLocal$ThreadLocalMap$Entry::<init> (11 bytes)
Event: 53.274 Thread 0x000001424a32b000 nmethod 15062 0x0000014235837490 code [0x0000014235837660, 0x0000014235837a18]
Event: 53.310 Thread 0x000001424a328000 15063 %     4       sun.nio.fs.WindowsPathParser::normalize @ 18 (233 bytes)

GC Heap History (20 events):
Event: 33.359 GC heap before
{Heap before GC invocations=21 (full 0):
 garbage-first heap   total 325632K, used 182784K [0x0000000080000000, 0x0000000100000000)
  region size 1024K, 13 young (13312K), 10 survivors (10240K)
 Metaspace       used 147853K, capacity 155750K, committed 156040K, reserved 1181696K
  class space    used 20435K, capacity 24260K, committed 24280K, reserved 1048576K
}
Event: 33.366 GC heap after
{Heap after GC invocations=22 (full 0):
 garbage-first heap   total 325632K, used 166912K [0x0000000080000000, 0x0000000100000000)
  region size 1024K, 2 young (2048K), 2 survivors (2048K)
 Metaspace       used 147853K, capacity 155750K, committed 156040K, reserved 1181696K
  class space    used 20435K, capacity 24260K, committed 24280K, reserved 1048576K
}
Event: 39.124 GC heap before
{Heap before GC invocations=23 (full 0):
 garbage-first heap   total 325632K, used 235520K [0x0000000080000000, 0x0000000100000000)
  region size 1024K, 66 young (67584K), 2 survivors (2048K)
 Metaspace       used 148742K, capacity 156735K, committed 156808K, reserved 1181696K
  class space    used 20590K, capacity 24473K, committed 24536K, reserved 1048576K
}
Event: 39.130 GC heap after
{Heap after GC invocations=24 (full 0):
 garbage-first heap   total 325632K, used 169858K [0x0000000080000000, 0x0000000100000000)
  region size 1024K, 3 young (3072K), 3 survivors (3072K)
 Metaspace       used 148742K, capacity 156735K, committed 156808K, reserved 1181696K
  class space    used 20590K, capacity 24473K, committed 24536K, reserved 1048576K
}
Event: 39.394 GC heap before
{Heap before GC invocations=25 (full 0):
 garbage-first heap   total 325632K, used 190338K [0x0000000080000000, 0x0000000100000000)
  region size 1024K, 15 young (15360K), 3 survivors (3072K)
 Metaspace       used 148779K, capacity 156748K, committed 157064K, reserved 1181696K
  class space    used 20590K, capacity 24473K, committed 24536K, reserved 1048576K
}
Event: 39.400 GC heap after
{Heap after GC invocations=26 (full 0):
 garbage-first heap   total 325632K, used 167412K [0x0000000080000000, 0x0000000100000000)
  region size 1024K, 3 young (3072K), 3 survivors (3072K)
 Metaspace       used 148779K, capacity 156748K, committed 157064K, reserved 1181696K
  class space    used 20590K, capacity 24473K, committed 24536K, reserved 1048576K
}
Event: 39.703 GC heap before
{Heap before GC invocations=27 (full 0):
 garbage-first heap   total 325632K, used 181748K [0x0000000080000000, 0x0000000100000000)
  region size 1024K, 13 young (13312K), 3 survivors (3072K)
 Metaspace       used 148797K, capacity 156878K, committed 157064K, reserved 1181696K
  class space    used 20590K, capacity 24473K, committed 24536K, reserved 1048576K
}
Event: 39.708 GC heap after
{Heap after GC invocations=28 (full 0):
 garbage-first heap   total 325632K, used 168475K [0x0000000080000000, 0x0000000100000000)
  region size 1024K, 4 young (4096K), 4 survivors (4096K)
 Metaspace       used 148797K, capacity 156878K, committed 157064K, reserved 1181696K
  class space    used 20590K, capacity 24473K, committed 24536K, reserved 1048576K
}
Event: 39.921 GC heap before
{Heap before GC invocations=29 (full 0):
 garbage-first heap   total 325632K, used 174619K [0x0000000080000000, 0x0000000100000000)
  region size 1024K, 11 young (11264K), 4 survivors (4096K)
 Metaspace       used 148849K, capacity 156951K, committed 157064K, reserved 1181696K
  class space    used 20590K, capacity 24473K, committed 24536K, reserved 1048576K
}
Event: 39.927 GC heap after
{Heap after GC invocations=30 (full 0):
 garbage-first heap   total 325632K, used 169636K [0x0000000080000000, 0x0000000100000000)
  region size 1024K, 5 young (5120K), 5 survivors (5120K)
 Metaspace       used 148849K, capacity 156951K, committed 157064K, reserved 1181696K
  class space    used 20590K, capacity 24473K, committed 24536K, reserved 1048576K
}
Event: 40.193 GC heap before
{Heap before GC invocations=31 (full 0):
 garbage-first heap   total 325632K, used 183972K [0x0000000080000000, 0x0000000100000000)
  region size 1024K, 19 young (19456K), 5 survivors (5120K)
 Metaspace       used 148867K, capacity 156951K, committed 157064K, reserved 1181696K
  class space    used 20591K, capacity 24473K, committed 24536K, reserved 1048576K
}
Event: 40.197 GC heap after
{Heap after GC invocations=32 (full 0):
 garbage-first heap   total 325632K, used 167532K [0x0000000080000000, 0x0000000100000000)
  region size 1024K, 4 young (4096K), 4 survivors (4096K)
 Metaspace       used 148867K, capacity 156951K, committed 157064K, reserved 1181696K
  class space    used 20591K, capacity 24473K, committed 24536K, reserved 1048576K
}
Event: 41.030 GC heap before
{Heap before GC invocations=33 (full 0):
 garbage-first heap   total 325632K, used 185964K [0x0000000080000000, 0x0000000100000000)
  region size 1024K, 17 young (17408K), 4 survivors (4096K)
 Metaspace       used 148906K, capacity 156969K, committed 157064K, reserved 1181696K
  class space    used 20593K, capacity 24477K, committed 24536K, reserved 1048576K
}
Event: 41.035 GC heap after
{Heap after GC invocations=34 (full 0):
 garbage-first heap   total 325632K, used 168567K [0x0000000080000000, 0x0000000100000000)
  region size 1024K, 5 young (5120K), 5 survivors (5120K)
 Metaspace       used 148906K, capacity 156969K, committed 157064K, reserved 1181696K
  class space    used 20593K, capacity 24477K, committed 24536K, reserved 1048576K
}
Event: 41.322 GC heap before
{Heap before GC invocations=35 (full 0):
 garbage-first heap   total 325632K, used 208503K [0x0000000080000000, 0x0000000100000000)
  region size 1024K, 37 young (37888K), 5 survivors (5120K)
 Metaspace       used 148975K, capacity 157044K, committed 157320K, reserved 1181696K
  class space    used 20594K, capacity 24478K, committed 24536K, reserved 1048576K
}
Event: 41.330 GC heap after
{Heap after GC invocations=36 (full 0):
 garbage-first heap   total 325632K, used 172604K [0x0000000080000000, 0x0000000100000000)
  region size 1024K, 9 young (9216K), 9 survivors (9216K)
 Metaspace       used 148975K, capacity 157044K, committed 157320K, reserved 1181696K
  class space    used 20594K, capacity 24478K, committed 24536K, reserved 1048576K
}
Event: 42.673 GC heap before
{Heap before GC invocations=37 (full 0):
 garbage-first heap   total 325632K, used 203324K [0x0000000080000000, 0x0000000100000000)
  region size 1024K, 24 young (24576K), 9 survivors (9216K)
 Metaspace       used 149019K, capacity 157050K, committed 157320K, reserved 1181696K
  class space    used 20595K, capacity 24479K, committed 24536K, reserved 1048576K
}
Event: 42.680 GC heap after
{Heap after GC invocations=38 (full 0):
 garbage-first heap   total 325632K, used 188868K [0x0000000080000000, 0x0000000100000000)
  region size 1024K, 6 young (6144K), 6 survivors (6144K)
 Metaspace       used 149019K, capacity 157050K, committed 157320K, reserved 1181696K
  class space    used 20595K, capacity 24479K, committed 24536K, reserved 1048576K
}
Event: 42.905 GC heap before
{Heap before GC invocations=39 (full 0):
 garbage-first heap   total 325632K, used 203204K [0x0000000080000000, 0x0000000100000000)
  region size 1024K, 9 young (9216K), 6 survivors (6144K)
 Metaspace       used 149042K, capacity 157051K, committed 157320K, reserved 1181696K
  class space    used 20595K, capacity 24479K, committed 24536K, reserved 1048576K
}
Event: 42.908 GC heap after
{Heap after GC invocations=40 (full 0):
 garbage-first heap   total 325632K, used 186042K [0x0000000080000000, 0x0000000100000000)
  region size 1024K, 2 young (2048K), 2 survivors (2048K)
 Metaspace       used 149042K, capacity 157051K, committed 157320K, reserved 1181696K
  class space    used 20595K, capacity 24479K, committed 24536K, reserved 1048576K
}

Deoptimization events (20 events):
Event: 42.685 Thread 0x0000014256c81000 DEOPT PACKING pc=0x000001423b5b0678 sp=0x00000010298ff050
Event: 42.685 Thread 0x0000014256c81000 DEOPT UNPACKING pc=0x00000142332785af sp=0x00000010298ff018 mode 2
Event: 42.685 Thread 0x0000014256c81000 Uncommon trap: trap_request=0xffffffbe fr.pc=0x000001423b5b0678 relative=0x00000000000001d8
Event: 42.685 Thread 0x0000014256c81000 Uncommon trap: reason=profile_predicate action=maybe_recompile pc=0x000001423b5b0678 method=java.util.Arrays.fill([Ljava/lang/Object;Ljava/lang/Object;)V @ 5 c2
Event: 42.685 Thread 0x0000014256c81000 DEOPT PACKING pc=0x000001423b5b0678 sp=0x00000010298ff050
Event: 42.685 Thread 0x0000014256c81000 DEOPT UNPACKING pc=0x00000142332785af sp=0x00000010298ff018 mode 2
Event: 42.710 Thread 0x0000014256c84000 Uncommon trap: trap_request=0xffffffd6 fr.pc=0x000001423b6161d8 relative=0x0000000000000338
Event: 42.710 Thread 0x0000014256c84000 Uncommon trap: reason=array_check action=maybe_recompile pc=0x000001423b6161d8 method=java.util.Arrays.fill([Ljava/lang/Object;Ljava/lang/Object;)V @ 13 c2
Event: 42.710 Thread 0x0000014256c84000 DEOPT PACKING pc=0x000001423b6161d8 sp=0x0000001029afe9f0
Event: 42.710 Thread 0x0000014256c84000 DEOPT UNPACKING pc=0x00000142332785af sp=0x0000001029afe9a0 mode 2
Event: 42.795 Thread 0x000001424b3a0000 Uncommon trap: trap_request=0xffffffd6 fr.pc=0x000001423b6161d8 relative=0x0000000000000338
Event: 42.795 Thread 0x000001424b3a0000 Uncommon trap: reason=array_check action=maybe_recompile pc=0x000001423b6161d8 method=java.util.Arrays.fill([Ljava/lang/Object;Ljava/lang/Object;)V @ 13 c2
Event: 42.795 Thread 0x000001424b3a0000 DEOPT PACKING pc=0x000001423b6161d8 sp=0x0000001028dfeab0
Event: 42.795 Thread 0x000001424b3a0000 DEOPT UNPACKING pc=0x00000142332785af sp=0x0000001028dfea60 mode 2
Event: 42.912 Thread 0x0000014256c86800 DEOPT PACKING pc=0x0000014235540fa6 sp=0x00000010299fe340
Event: 42.912 Thread 0x0000014256c86800 DEOPT UNPACKING pc=0x00000142332b9d0e sp=0x00000010299fd860 mode 0
Event: 42.915 Thread 0x0000014256c86800 Uncommon trap: trap_request=0xffffffd6 fr.pc=0x000001423b6161d8 relative=0x0000000000000338
Event: 42.915 Thread 0x0000014256c86800 Uncommon trap: reason=array_check action=maybe_recompile pc=0x000001423b6161d8 method=java.util.Arrays.fill([Ljava/lang/Object;Ljava/lang/Object;)V @ 13 c2
Event: 42.915 Thread 0x0000014256c86800 DEOPT PACKING pc=0x000001423b6161d8 sp=0x00000010299fe9c0
Event: 42.915 Thread 0x0000014256c86800 DEOPT UNPACKING pc=0x00000142332785af sp=0x00000010299fe970 mode 2

Classes redefined (0 events):
No events

Internal exceptions (20 events):
Event: 32.299 Thread 0x0000014256c86800 Exception <a 'org/apache/hadoop/io/nativeio/NativeIOException'{0x00000000936f9140}> (0x00000000936f9140) thrown at [s\src\hotspot\share\prims\jni.cpp, line 617]
Event: 33.216 Thread 0x000001424b3a0000 Exception <a 'java/lang/NoSuchMethodError'{0x0000000093d15fd8}: <clinit>> (0x0000000093d15fd8) thrown at [s\src\hotspot\share\prims\jni.cpp, line 1372]
Event: 37.813 Thread 0x000001424b3a1800 Exception <a 'org/apache/hadoop/io/nativeio/NativeIOException'{0x0000000093151308}> (0x0000000093151308) thrown at [s\src\hotspot\share\prims\jni.cpp, line 617]
Event: 37.815 Thread 0x000001424b3a1800 Exception <a 'org/apache/hadoop/io/nativeio/NativeIOException'{0x0000000093159008}> (0x0000000093159008) thrown at [s\src\hotspot\share\prims\jni.cpp, line 617]
Event: 38.237 Thread 0x000001424b3a1800 Exception <a 'org/apache/hadoop/io/nativeio/NativeIOException'{0x0000000092ec5ae8}> (0x0000000092ec5ae8) thrown at [s\src\hotspot\share\prims\jni.cpp, line 617]
Event: 38.239 Thread 0x000001424b3a1800 Exception <a 'org/apache/hadoop/io/nativeio/NativeIOException'{0x0000000092ecd7e8}> (0x0000000092ecd7e8) thrown at [s\src\hotspot\share\prims\jni.cpp, line 617]
Event: 40.388 Thread 0x0000014256c81000 Exception <a 'org/apache/hadoop/io/nativeio/NativeIOException'{0x000000009359b568}> (0x000000009359b568) thrown at [s\src\hotspot\share\prims\jni.cpp, line 617]
Event: 40.390 Thread 0x0000014256c81000 Exception <a 'org/apache/hadoop/io/nativeio/NativeIOException'{0x00000000935a3898}> (0x00000000935a3898) thrown at [s\src\hotspot\share\prims\jni.cpp, line 617]
Event: 41.352 Thread 0x000001424b3a0000 Exception <a 'org/apache/hadoop/io/nativeio/NativeIOException'{0x0000000093bdae48}> (0x0000000093bdae48) thrown at [s\src\hotspot\share\prims\jni.cpp, line 617]
Event: 41.354 Thread 0x000001424b3a0000 Exception <a 'org/apache/hadoop/io/nativeio/NativeIOException'{0x0000000093be2f68}> (0x0000000093be2f68) thrown at [s\src\hotspot\share\prims\jni.cpp, line 617]
Event: 41.361 Thread 0x0000014256c84000 Exception <a 'org/apache/hadoop/io/nativeio/NativeIOException'{0x0000000093919d28}> (0x0000000093919d28) thrown at [s\src\hotspot\share\prims\jni.cpp, line 617]
Event: 41.363 Thread 0x0000014256c84000 Exception <a 'org/apache/hadoop/io/nativeio/NativeIOException'{0x00000000939a2078}> (0x00000000939a2078) thrown at [s\src\hotspot\share\prims\jni.cpp, line 617]
Event: 41.382 Thread 0x0000014256c86800 Exception <a 'org/apache/hadoop/io/nativeio/NativeIOException'{0x00000000938db728}> (0x00000000938db728) thrown at [s\src\hotspot\share\prims\jni.cpp, line 617]
Event: 41.383 Thread 0x0000014256c86800 Exception <a 'org/apache/hadoop/io/nativeio/NativeIOException'{0x00000000938e3848}> (0x00000000938e3848) thrown at [s\src\hotspot\share\prims\jni.cpp, line 617]
Event: 41.418 Thread 0x0000014256c81000 Exception <a 'org/apache/hadoop/io/nativeio/NativeIOException'{0x0000000093667910}> (0x0000000093667910) thrown at [s\src\hotspot\share\prims\jni.cpp, line 617]
Event: 41.465 Thread 0x0000014256c81000 Exception <a 'org/apache/hadoop/io/nativeio/NativeIOException'{0x000000009366fc50}> (0x000000009366fc50) thrown at [s\src\hotspot\share\prims\jni.cpp, line 617]
Event: 45.962 Thread 0x000001424b3a1800 Exception <a 'org/apache/hadoop/io/nativeio/NativeIOException'{0x0000000093c4a9c0}> (0x0000000093c4a9c0) thrown at [s\src\hotspot\share\prims\jni.cpp, line 617]
Event: 45.964 Thread 0x000001424b3a1800 Exception <a 'org/apache/hadoop/io/nativeio/NativeIOException'{0x0000000093c526c0}> (0x0000000093c526c0) thrown at [s\src\hotspot\share\prims\jni.cpp, line 617]
Event: 52.932 Thread 0x000001424b3a1800 Exception <a 'org/apache/hadoop/io/nativeio/NativeIOException'{0x000000009342b7c0}> (0x000000009342b7c0) thrown at [s\src\hotspot\share\prims\jni.cpp, line 617]
Event: 52.935 Thread 0x000001424b3a1800 Exception <a 'org/apache/hadoop/io/nativeio/NativeIOException'{0x00000000934334c0}> (0x00000000934334c0) thrown at [s\src\hotspot\share\prims\jni.cpp, line 617]

Events (20 events):
Event: 46.067 Thread 0x00000142567d2000 Thread added: 0x00000142567d2000
Event: 46.105 Thread 0x00000142567d2000 Thread exited: 0x00000142567d2000
Event: 46.113 Thread 0x00000142567d3800 Thread added: 0x00000142567d3800
Event: 46.165 Thread 0x00000142567d3800 Thread exited: 0x00000142567d3800
Event: 46.170 Thread 0x00000142567d3800 Thread added: 0x00000142567d3800
Event: 46.202 Thread 0x00000142567d3800 Thread exited: 0x00000142567d3800
Event: 46.209 Thread 0x00000142567d3800 Thread added: 0x00000142567d3800
Event: 46.239 Thread 0x00000142567d3800 Thread exited: 0x00000142567d3800
Event: 46.246 Thread 0x00000142567d2000 Thread added: 0x00000142567d2000
Event: 46.276 Thread 0x00000142567d2000 Thread exited: 0x00000142567d2000
Event: 46.281 Thread 0x00000142567d3800 Thread added: 0x00000142567d3800
Event: 46.312 Thread 0x00000142567d3800 Thread exited: 0x00000142567d3800
Event: 46.316 Thread 0x00000142567d2000 Thread added: 0x00000142567d2000
Event: 46.347 Thread 0x00000142567d2000 Thread exited: 0x00000142567d2000
Event: 52.945 Thread 0x00000142567d2000 Thread added: 0x00000142567d2000
Event: 53.160 Thread 0x00000142567d2000 Thread exited: 0x00000142567d2000
Event: 53.167 Thread 0x00000142567d2000 Thread added: 0x00000142567d2000
Event: 53.266 Thread 0x00000142567d2000 Thread exited: 0x00000142567d2000
Event: 53.274 Thread 0x00000142567d2000 Thread added: 0x00000142567d2000
Event: 53.309 Thread 0x00000142567d2000 Thread exited: 0x00000142567d2000


Dynamic libraries:
0x00007ff7b22f0000 - 0x00007ff7b22fe000 	C:\Users\User\AppData\Local\Programs\Eclipse Adoptium\jdk-11.0.30.7-hotspot\bin\java.exe
0x00007ff8cdcc0000 - 0x00007ff8cdf27000 	C:\WINDOWS\SYSTEM32\ntdll.dll
0x00007ff8cc970000 - 0x00007ff8cca39000 	C:\WINDOWS\System32\KERNEL32.DLL
0x00007ff8ca830000 - 0x00007ff8cac24000 	C:\WINDOWS\System32\KERNELBASE.dll
0x00007ff8cb900000 - 0x00007ff8cba4b000 	C:\WINDOWS\System32\ucrtbase.dll
0x00007ff881a90000 - 0x00007ff881aae000 	C:\Users\User\AppData\Local\Programs\Eclipse Adoptium\jdk-11.0.30.7-hotspot\bin\VCRUNTIME140.dll
0x00007ff881bb0000 - 0x00007ff881bc7000 	C:\Users\User\AppData\Local\Programs\Eclipse Adoptium\jdk-11.0.30.7-hotspot\bin\jli.dll
0x00007ff8ccc20000 - 0x00007ff8ccde5000 	C:\WINDOWS\System32\USER32.dll
0x00007ff8ca590000 - 0x00007ff8ca5b7000 	C:\WINDOWS\System32\win32u.dll
0x00007ff8b75e0000 - 0x00007ff8b7873000 	C:\WINDOWS\WinSxS\amd64_microsoft.windows.common-controls_6595b64144ccf1df_6.0.26100.8115_none_3e075c82e3354f9c\COMCTL32.dll
0x00007ff8cc7e0000 - 0x00007ff8cc80b000 	C:\WINDOWS\System32\GDI32.dll
0x00007ff8cc4e0000 - 0x00007ff8cc589000 	C:\WINDOWS\System32\msvcrt.dll
0x00007ff8ca5c0000 - 0x00007ff8ca6ea000 	C:\WINDOWS\System32\gdi32full.dll
0x00007ff8ca780000 - 0x00007ff8ca823000 	C:\WINDOWS\System32\msvcp_win.dll
0x00007ff8cbff0000 - 0x00007ff8cc022000 	C:\WINDOWS\System32\IMM32.DLL
0x00007ff8c57f0000 - 0x00007ff8c57fc000 	C:\Users\User\AppData\Local\Programs\Eclipse Adoptium\jdk-11.0.30.7-hotspot\bin\vcruntime140_1.dll
0x00007ff8790d0000 - 0x00007ff87915d000 	C:\Users\User\AppData\Local\Programs\Eclipse Adoptium\jdk-11.0.30.7-hotspot\bin\msvcp140.dll
0x00007ff82d9c0000 - 0x00007ff82e582000 	C:\Users\User\AppData\Local\Programs\Eclipse Adoptium\jdk-11.0.30.7-hotspot\bin\server\jvm.dll
0x00007ff8cc230000 - 0x00007ff8cc2e6000 	C:\WINDOWS\System32\ADVAPI32.dll
0x00007ff8cc6b0000 - 0x00007ff8cc757000 	C:\WINDOWS\System32\sechost.dll
0x00007ff8cc590000 - 0x00007ff8cc6a8000 	C:\WINDOWS\System32\RPCRT4.dll
0x00007ff8cc030000 - 0x00007ff8cc0b0000 	C:\WINDOWS\System32\WS2_32.dll
0x00007ff8cdc70000 - 0x00007ff8cdc78000 	C:\WINDOWS\System32\PSAPI.DLL
0x00007ff8bc940000 - 0x00007ff8bc94b000 	C:\WINDOWS\SYSTEM32\VERSION.dll
0x00007ff8b4060000 - 0x00007ff8b4096000 	C:\WINDOWS\SYSTEM32\WINMM.dll
0x00007ff8c9320000 - 0x00007ff8c933b000 	C:\WINDOWS\SYSTEM32\kernel.appcore.dll
0x00007ff8ae2e0000 - 0x00007ff8ae2f0000 	C:\Users\User\AppData\Local\Programs\Eclipse Adoptium\jdk-11.0.30.7-hotspot\bin\verify.dll
0x00007ff8c83f0000 - 0x00007ff8c8632000 	C:\WINDOWS\SYSTEM32\DBGHELP.DLL
0x00007ff8cd730000 - 0x00007ff8cdab2000 	C:\WINDOWS\System32\combase.dll
0x00007ff8cbf10000 - 0x00007ff8cbfe7000 	C:\WINDOWS\System32\OLEAUT32.dll
0x00007ff8b06d0000 - 0x00007ff8b070b000 	C:\WINDOWS\SYSTEM32\dbgcore.DLL
0x00007ff8cac30000 - 0x00007ff8cacd5000 	C:\WINDOWS\System32\bcryptPrimitives.dll
0x00007ff87ea10000 - 0x00007ff87ea38000 	C:\Users\User\AppData\Local\Programs\Eclipse Adoptium\jdk-11.0.30.7-hotspot\bin\java.dll
0x00007ff8ae0b0000 - 0x00007ff8ae0ba000 	C:\Users\User\AppData\Local\Programs\Eclipse Adoptium\jdk-11.0.30.7-hotspot\bin\jimage.dll
0x00007ff880de0000 - 0x00007ff880df8000 	C:\Users\User\AppData\Local\Programs\Eclipse Adoptium\jdk-11.0.30.7-hotspot\bin\zip.dll
0x00007ff8ccfc0000 - 0x00007ff8cd726000 	C:\WINDOWS\System32\SHELL32.dll
0x00007ff8cace0000 - 0x00007ff8cae4a000 	C:\WINDOWS\System32\wintypes.dll
0x00007ff8cafd0000 - 0x00007ff8cb835000 	C:\WINDOWS\System32\windows.storage.dll
0x00007ff8cc0c0000 - 0x00007ff8cc1b7000 	C:\WINDOWS\System32\SHCORE.dll
0x00007ff8cc470000 - 0x00007ff8cc4d6000 	C:\WINDOWS\System32\shlwapi.dll
0x00007ff8ca4b0000 - 0x00007ff8ca4d9000 	C:\WINDOWS\SYSTEM32\profapi.dll
0x00007ff87f750000 - 0x00007ff87f769000 	C:\Users\User\AppData\Local\Programs\Eclipse Adoptium\jdk-11.0.30.7-hotspot\bin\net.dll
0x00007ff8be1b0000 - 0x00007ff8be2dd000 	C:\WINDOWS\SYSTEM32\WINHTTP.dll
0x00007ff8c9890000 - 0x00007ff8c98fc000 	C:\WINDOWS\system32\mswsock.dll
0x00007ff87e9f0000 - 0x00007ff87ea03000 	C:\Users\User\AppData\Local\Programs\Eclipse Adoptium\jdk-11.0.30.7-hotspot\bin\nio.dll
0x00007ff8aded0000 - 0x00007ff8adeda000 	C:\Users\User\AppData\Local\Programs\Eclipse Adoptium\jdk-11.0.30.7-hotspot\bin\management.dll
0x00007ff8a9e20000 - 0x00007ff8a9e2b000 	C:\Users\User\AppData\Local\Programs\Eclipse Adoptium\jdk-11.0.30.7-hotspot\bin\management_ext.dll
0x00007ff8a9d40000 - 0x00007ff8a9d58000 	C:\WINDOWS\system32\napinsp.dll
0x00007ff8c8df0000 - 0x00007ff8c8f22000 	C:\WINDOWS\SYSTEM32\DNSAPI.dll
0x00007ff8c8c70000 - 0x00007ff8c8ca2000 	C:\WINDOWS\SYSTEM32\IPHLPAPI.DLL
0x00007ff8cce10000 - 0x00007ff8cce1a000 	C:\WINDOWS\System32\NSI.dll
0x00007ff8a99e0000 - 0x00007ff8a99f3000 	C:\WINDOWS\System32\winrnr.dll
0x00007ff8a7380000 - 0x00007ff8a73a2000 	C:\WINDOWS\system32\nlansp_c.dll
0x00007ff8bd3d0000 - 0x00007ff8bd3e6000 	C:\WINDOWS\system32\wshbth.dll
0x00007ff8bcf90000 - 0x00007ff8bcf9b000 	C:\Windows\System32\rasadhlp.dll
0x00007ff8bcdd0000 - 0x00007ff8bce56000 	C:\WINDOWS\System32\fwpuclnt.dll
0x00007ff8c9b70000 - 0x00007ff8c9b8b000 	C:\WINDOWS\SYSTEM32\CRYPTSP.dll
0x00007ff8c9280000 - 0x00007ff8c92b9000 	C:\WINDOWS\system32\rsaenh.dll
0x00007ff8c9940000 - 0x00007ff8c9973000 	C:\WINDOWS\SYSTEM32\USERENV.dll
0x00007ff8ca480000 - 0x00007ff8ca4aa000 	C:\WINDOWS\SYSTEM32\bcrypt.dll
0x00007ff8c9b90000 - 0x00007ff8c9b9c000 	C:\WINDOWS\SYSTEM32\CRYPTBASE.dll
0x00007ff8bebc0000 - 0x00007ff8bebdd000 	C:\WINDOWS\SYSTEM32\dhcpcsvc6.DLL
0x00007ff8be700000 - 0x00007ff8be725000 	C:\WINDOWS\SYSTEM32\dhcpcsvc.DLL
0x00007ff896eb0000 - 0x00007ff896eca000 	C:\hadoop\bin\hadoop.dll
0x00007ff8b56d0000 - 0x00007ff8b56ea000 	C:\WINDOWS\SYSTEM32\NETAPI32.dll
0x00007ff8c8d90000 - 0x00007ff8c8de0000 	C:\WINDOWS\SYSTEM32\AUTHZ.dll
0x00000000763c0000 - 0x0000000076492000 	C:\WINDOWS\SYSTEM32\MSVCR100.dll
0x00007ff8c8be0000 - 0x00007ff8c8bed000 	C:\WINDOWS\SYSTEM32\NETUTILS.DLL
0x00007ff8c8bc0000 - 0x00007ff8c8bdb000 	C:\WINDOWS\SYSTEM32\SAMCLI.DLL
0x00007ff8a9610000 - 0x00007ff8a9619000 	C:\Users\User\AppData\Local\Programs\Eclipse Adoptium\jdk-11.0.30.7-hotspot\bin\jaas.dll
0x00007ff8c9440000 - 0x00007ff8c9476000 	C:\WINDOWS\SYSTEM32\ntmarta.dll
0x0000000066f40000 - 0x0000000066fc4000 	C:\Users\User\AppData\Local\Temp\liblz4-java-170235510235252869.so

dbghelp: loaded successfully - version: 4.0.5 - missing functions: none
symbol engine: initialized successfully - sym options: 0x614 - pdb path: .;C:\Users\User\AppData\Local\Programs\Eclipse Adoptium\jdk-11.0.30.7-hotspot\bin;C:\WINDOWS\SYSTEM32;C:\WINDOWS\WinSxS\amd64_microsoft.windows.common-controls_6595b64144ccf1df_6.0.26100.8115_none_3e075c82e3354f9c;C:\Users\User\AppData\Local\Programs\Eclipse Adoptium\jdk-11.0.30.7-hotspot\bin\server;C:\hadoop\bin;C:\Users\User\AppData\Local\Temp

VM Arguments:
jvm_args: -Xmx2g -XX:+IgnoreUnrecognizedVMOptions --add-opens=java.base/java.lang=ALL-UNNAMED --add-opens=java.base/java.lang.invoke=ALL-UNNAMED --add-opens=java.base/java.lang.reflect=ALL-UNNAMED --add-opens=java.base/java.io=ALL-UNNAMED --add-opens=java.base/java.net=ALL-UNNAMED --add-opens=java.base/java.nio=ALL-UNNAMED --add-opens=java.base/java.util=ALL-UNNAMED --add-opens=java.base/java.util.concurrent=ALL-UNNAMED --add-opens=java.base/java.util.concurrent.atomic=ALL-UNNAMED --add-opens=java.base/sun.nio.ch=ALL-UNNAMED --add-opens=java.base/sun.nio.cs=ALL-UNNAMED --add-opens=java.base/sun.security.action=ALL-UNNAMED --add-opens=java.base/sun.util.calendar=ALL-UNNAMED --add-opens=java.security.jgss/sun.security.krb5=ALL-UNNAMED -Djdk.reflect.useDirectMethodHandle=false 
java_command: org.apache.spark.deploy.SparkSubmit --conf spark.driver.memory=2g --conf spark.jars.packages=org.apache.spark:spark-sql-kafka-0-10_2.12:3.4.3 --conf spark.app.name=FraudDetectionStreaming --conf spark.sql.streaming.checkpointLocation=checkpoints/ --conf spark.sql.shuffle.partitions=4 pyspark-shell
java_class_path (initial): C:\Users\User\fraud-detection-pipeline\venv\Lib\site-packages\pyspark\bin\..\conf;C:\Users\User\fraud-detection-pipeline\venv\Lib\site-packages\pyspark\bin\..\jars\activation-1.1.1.jar;C:\Users\User\fraud-detection-pipeline\venv\Lib\site-packages\pyspark\bin\..\jars\aircompressor-0.21.jar;C:\Users\User\fraud-detection-pipeline\venv\Lib\site-packages\pyspark\bin\..\jars\algebra_2.12-2.0.1.jar;C:\Users\User\fraud-detection-pipeline\venv\Lib\site-packages\pyspark\bin\..\jars\annotations-17.0.0.jar;C:\Users\User\fraud-detection-pipeline\venv\Lib\site-packages\pyspark\bin\..\jars\antlr-runtime-3.5.2.jar;C:\Users\User\fraud-detection-pipeline\venv\Lib\site-packages\pyspark\bin\..\jars\antlr4-runtime-4.9.3.jar;C:\Users\User\fraud-detection-pipeline\venv\Lib\site-packages\pyspark\bin\..\jars\aopalliance-repackaged-2.6.1.jar;C:\Users\User\fraud-detection-pipeline\venv\Lib\site-packages\pyspark\bin\..\jars\arpack-3.0.3.jar;C:\Users\User\fraud-detection-pipeline\venv\Lib\site-packages\pyspark\bin\..\jars\arpack_combined_all-0.1.jar;C:\Users\User\fraud-detection-pipeline\venv\Lib\site-packages\pyspark\bin\..\jars\arrow-format-11.0.0.jar;C:\Users\User\fraud-detection-pipeline\venv\Lib\site-packages\pyspark\bin\..\jars\arrow-memory-core-11.0.0.jar;C:\Users\User\fraud-detection-pipeline\venv\Lib\site-packages\pyspark\bin\..\jars\arrow-memory-netty-11.0.0.jar;C:\Users\User\fraud-detection-pipeline\venv\Lib\site-packages\pyspark\bin\..\jars\arrow-vector-11.0.0.jar;C:\Users\User\fraud-detection-pipeline\venv\Lib\site-packages\pyspark\bin\..\jars\audience-annotations-0.5.0.jar;C:\Users\User\fraud-detection-pipeline\venv\Lib\site-packages\pyspark\bin\..\jars\avro-1.11.1.jar;C:\Users\User\fraud-detection-pipeline\venv\Lib\site-packages\pyspark\bin\..\jars\avro-ipc-1.11.1.jar;C:\Users\User\fraud-detection-pipeline\venv\Lib\site-packages\pyspark\bin\..\jars\avro-mapred-1.11.1.jar;C:\Users\User\fraud-detection-pipeline\venv\Lib\site-packages\pyspark\bin\..\jars
Launcher Type: SUN_STANDARD

[Global flags]
     intx CICompilerCount                          = 3                                         {product} {ergonomic}
     uint ConcGCThreads                            = 1                                         {product} {ergonomic}
     uint G1ConcRefinementThreads                  = 4                                         {product} {ergonomic}
   size_t G1HeapRegionSize                         = 1048576                                   {product} {ergonomic}
    uintx GCDrainStackTargetSize                   = 64                                        {product} {ergonomic}
     bool IgnoreUnrecognizedVMOptions              = true                                      {product} {command line}
   size_t InitialHeapSize                          = 333447168                                 {product} {ergonomic}
   size_t MarkStackSize                            = 4194304                                   {product} {ergonomic}
   size_t MaxHeapSize                              = 2147483648                                {product} {command line}
   size_t MaxNewSize                               = 1287651328                                {product} {ergonomic}
   size_t MinHeapDeltaBytes                        = 1048576                                   {product} {ergonomic}
    uintx NonNMethodCodeHeapSize                   = 5830732                                {pd product} {ergonomic}
    uintx NonProfiledCodeHeapSize                  = 122913754                              {pd product} {ergonomic}
    uintx ProfiledCodeHeapSize                     = 122913754                              {pd product} {ergonomic}
    uintx ReservedCodeCacheSize                    = 251658240                              {pd product} {ergonomic}
     bool SegmentedCodeCache                       = true                                      {product} {ergonomic}
     bool UseCompressedClassPointers               = true                                 {lp64_product} {ergonomic}
     bool UseCompressedOops                        = true                                 {lp64_product} {ergonomic}
     bool UseG1GC                                  = true                                      {product} {ergonomic}
     bool UseLargePagesIndividualAllocation        = false                                  {pd product} {ergonomic}

Logging:
Log output configuration:
 #0: stdout all=warning uptime,level,tags
 #1: stderr all=off uptime,level,tags

Environment Variables:
JAVA_HOME=C:\Users\User\AppData\Local\Programs\Eclipse Adoptium\jdk-11.0.30.7-hotspot\
PATH=C:\Users\User\fraud-detection-pipeline\venv\Scripts;C;C:\Users\User\fraud-detection-pipeline\venv\Scripts;C:\Users\User\bin;C:\Program Files\Git\mingw64\bin;C:\Program Files\Git\usr\local\bin;C:\Program Files\Git\usr\bin;C:\Program Files\Git\usr\bin;C:\Program Files\Git\mingw64\bin;C:\Program Files\Git\usr\bin;C:\Users\User\bin;C:\Users\User\AppData\Local\Programs\Eclipse Adoptium\jdk-11.0.30-hotspot\bin;C:\Program Files\Python311\Scripts;C:\Program Files\Python311;C:\WINDOWS\system32;C:\WINDOWS;C:\WINDOWS\System32\Wbem;C:\WINDOWS\System32\WindowsPowerShell\v1.0;C:\WINDOWS\System32\OpenSSH;C:\Program Files\MySQL\MySQL Server 8.0\bin;C:\Program Files\Git\cmd;C:\Program Files (x86)\dotnet;C:\iverilog\bin;C:\Program Files\Cloudflare\Cloudflare WARP;C:\flutter\bin;C:\Program Files\Docker\Docker\resources\bin;C:\Users\User\AppData\Local\Programs\Eclipse Adoptium\jdk-11.0.30.7-hotspot\bin;C:\Program Files\MySQL\MySQL Shell 8.0\bin;C:\Users\User\AppData\Local\Microsoft\WindowsApps;C:\Users\User\AppData\Local\Programs\Microsoft VS Code\bin;C:\Users\User\AppData\Local\GitHubDesktop\bin;C:\msys64\ucrt64\bin;C:\Users\User\OneDrive\Desktop\protc\bin;C:\hadoop\bin;C:\Program Files\Git\usr\bin\vendor_perl;C:\Program Files\Git\usr\bin\core_perl
USERNAME=User
DISPLAY=needs-to-be-defined
LANG=en_US.UTF-8
LC_CTYPE=en_US.UTF-8
TERM=xterm
TMPDIR=C:\Users\User\AppData\Local\Temp
OS=Windows_NT
PROCESSOR_IDENTIFIER=Intel64 Family 6 Model 126 Stepping 5, GenuineIntel
TMP=C:\Users\User\AppData\Local\Temp
TEMP=C:\Users\User\AppData\Local\Temp



---------------  S Y S T E M  ---------------

OS: Windows 11 , 64 bit Build 26100 (10.0.26100.8115)
OS uptime: 1 days 2:27 hours
Hyper-V role detected

CPU:total 4 (initial active 4) (2 cores per cpu, 2 threads per core) family 6 model 126 stepping 5 microcode 0xc2, cmov, cx8, fxsr, mmx, sse, sse2, sse3, ssse3, sse4.1, sse4.2, popcnt, avx, avx2, aes, clmul, erms, 3dnowpref, lzcnt, ht, tsc, tscinvbit, bmi1, bmi2, adx, evex, sha, fma

Memory: 4k page, system-wide physical 20247M (2562M free)
TotalPageFile size 24126M (AvailPageFile size 30M)
current process WorkingSet (physical memory assigned to process): 638M, peak: 675M
current process commit charge ("private bytes"): 681M, peak: 718M

vm_info: OpenJDK 64-Bit Server VM (11.0.30+7) for windows-amd64 JRE (11.0.30+7), built on Jan 21 2026 06:15:59 by "" with MS VC++ 17.7 (VS2022)

END.
